01/15/2016 03:45:01 PM INFO: maxlogs=1 (default=1) Consider moving/deleting previous files (logs,png's,csv's,etc) between runs. Overwriting lamarr_ti_binning.log
01/15/2016 03:45:01 PM INFO: Creating file: /db/kepler_pe/93k/working/py93kParsers/example_runs/lamarr/lamarr_ti_binning.log
01/15/2016 03:45:01 PM INFO: Running ti_binning.py...
01/15/2016 03:45:50 PM INFO: Found categories_file: Binning_CategoriesOD.csv
01/15/2016 03:45:50 PM INFO: Found bin_groups_file: Binning_Groups.csv
01/15/2016 03:45:50 PM INFO: Found test_name_type_file: Lamarr_TestNameTypeList.csv
01/15/2016 03:45:50 PM INFO: Found speed_sort_suites_file: SpeedSortSuites.csv
01/15/2016 03:45:50 PM INFO: Found speed_sort_groups_file: SpeedSortGroups.csv
01/15/2016 03:45:50 PM INFO: Parsing TI specific testtable file: BinningLamarr.csv .....
01/15/2016 03:45:50 PM INFO: Parsing TI specific testtable file: Binning_Groups.csv .....
01/15/2016 03:45:51 PM INFO: Parsing TI specific testtable file: SpeedSortGroups.csv .....
01/15/2016 03:45:51 PM INFO: Parsing TI specific testtable file: Lamarr_TestNameTypeList.csv .....
01/15/2016 03:45:51 PM INFO: Parsing TI specific testtable file: Binning_CategoriesOD.csv .....
01/15/2016 03:45:51 PM ERROR: Softbin Number: "1015" found in: "Binning_CategoriesOD.csv" but not in: "BinningLamarr.csv"
01/15/2016 03:45:51 PM WARNING: Extra tests in: "Binning_CategoriesOD.csv" that do not exist in: "Final_RPC_flow.mfh" OR in "Binning_Groups.csv"
	T_TD_MAX_READ
	VIDSpeedOutOfSpace_st
	speedSortCorner2_st
	CTCS_Control_st
	T_TD_MIN_READ
	GlobalCriticalTemperature
	T_CRITICAL_TEMPERATURE
	T_CTCS_MIN_READ
	Time_Spend
	Temperature_Read
	GlobalRangeTemperature
	VIDSpeedProg_st
	TDiodeRead_st
	MEMORYREPAIRED
	VerifyProgramVIDSpeeds_st
	speedSortCorner1_st
	CTCS_Purge_CT_st
	T_CTCS_MAX_READ
	WARMUP
	SRc0Power_st
	speedSortCorner3_st
	WARMUPPurge
01/15/2016 03:45:51 PM WARNING: Extra tests in: "Final_RPC_flow.mfh" that do not exist in: "Binning_CategoriesOD.csv"
	SRc0PowerTest
	DISCONNECT_Cres
	SpeedSortVert_LED_TETRIS
	SetGlobalSRVoltages
	PreReadSrc0
	SpeedSortVert_TRANS_P08
	setUserVars
	USP_WRITE_EEPROM
	SpeedSortVert_TRANS_1
	SpeedSortVert_TRANS_FULLCHIP
	IddqVmax_IqC08Ful_______LM10_006_st_CCE
	USP_READ_EEPROM
	DISCONNECT_SupplyShortsPre
	UHC4Connectivity
	SpeedSortVert_PBIST
	DISCONNECT_Conty
	DISCONNECT_SupplyShortsPost
	SetupBBT_st
	DPS128Connectivity
	Init_framework
	Final_Binning
	SpeedSortVert_TRANS
	DISCONNECT_1
	UpdateGuardBand
	SpeedSortVert_PBIST_TETRIS
	CTCS_End_Of_Lot_st
	ApplySRVminGBfromTDMeas
	EfusePostVerify_st
	CTCS_START_Thermal
	CTCS_Thermal
	IddqVmax_IqC08Ful_______LM10_005_st_CCE
	SpeedSortVert_LED
	SpeedSortVert_TRANS_P08_1
01/15/2016 03:45:51 PM INFO: maxlogs=1 (default=1) Consider moving/deleting previous files (logs,png's,csv's,etc) between runs. Overwriting lamarr_ti_binning.csv
01/15/2016 03:45:51 PM INFO: Creating file: /db/kepler_pe/93k/working/py93kParsers/example_runs/lamarr/lamarr_ti_binning.csv
01/15/2016 03:45:51 PM INFO: 	NOTE: For "multi_sbins" column in "lamarr_ti_binning.csv"...
	"X_" indicates that the bin is not reachable in the testflow "downstream".
	In other words, there is no multibin TO THE RIGHT of the Testsuite (fail branches, etc) in the testflow.
	The "multi_sbins" column only applies to standard testtables (limit files) which can bin only with a multibin in the testflow.
01/15/2016 03:45:51 PM INFO: maxlogs=1 (default=1) Consider moving/deleting previous files (logs,png's,csv's,etc) between runs. Overwriting lamarr_ActualFlowBins_ti_binning.csv
01/15/2016 03:45:51 PM INFO: Creating file: /db/kepler_pe/93k/working/py93kParsers/example_runs/lamarr/lamarr_ActualFlowBins_ti_binning.csv
01/15/2016 03:45:51 PM WARNING: SUITE: "setUserVars" NOT IN "Lamarr_TestNameTypeList.csv"	NOTE: this WARNING is also in "lamarr_ActualFlowBins_ti_binning.csv"
01/15/2016 03:45:51 PM WARNING: SUITE: "Init_framework" NOT IN "Lamarr_TestNameTypeList.csv"	NOTE: this WARNING is also in "lamarr_ActualFlowBins_ti_binning.csv"
01/15/2016 03:45:51 PM WARNING: SUITE: "UpdateGuardBand" NOT IN "Lamarr_TestNameTypeList.csv"	NOTE: this WARNING is also in "lamarr_ActualFlowBins_ti_binning.csv"
01/15/2016 03:45:51 PM WARNING: SUITE: "DPS128Connectivity" NOT IN "Lamarr_TestNameTypeList.csv"	NOTE: this WARNING is also in "lamarr_ActualFlowBins_ti_binning.csv"
01/15/2016 03:45:51 PM WARNING: SUITE: "USP_WRITE_EEPROM" NOT IN "Lamarr_TestNameTypeList.csv"	NOTE: this WARNING is also in "lamarr_ActualFlowBins_ti_binning.csv"
01/15/2016 03:45:51 PM WARNING: SUITE: "USP_READ_EEPROM" NOT IN "Lamarr_TestNameTypeList.csv"	NOTE: this WARNING is also in "lamarr_ActualFlowBins_ti_binning.csv"
01/15/2016 03:45:51 PM WARNING: SUITE: "CTCS_End_Of_Lot_st" NOT IN "Lamarr_TestNameTypeList.csv"	NOTE: this WARNING is also in "lamarr_ActualFlowBins_ti_binning.csv"
01/15/2016 03:45:51 PM WARNING: SUITE: "UHC4Connectivity" NOT IN "Lamarr_TestNameTypeList.csv"	NOTE: this WARNING is also in "lamarr_ActualFlowBins_ti_binning.csv"
01/15/2016 03:45:51 PM WARNING: SUITE: "DISCONNECT_1" NOT IN "Lamarr_TestNameTypeList.csv"	NOTE: this WARNING is also in "lamarr_ActualFlowBins_ti_binning.csv"
01/15/2016 03:45:51 PM WARNING: SUITE: "SetupBBT_st" NOT IN "Lamarr_TestNameTypeList.csv"	NOTE: this WARNING is also in "lamarr_ActualFlowBins_ti_binning.csv"
01/15/2016 03:45:51 PM WARNING: SUITE: "DISCONNECT_SupplyShortsPre" NOT IN "Lamarr_TestNameTypeList.csv"	NOTE: this WARNING is also in "lamarr_ActualFlowBins_ti_binning.csv"
01/15/2016 03:45:51 PM WARNING: SUITE: "DISCONNECT_Conty" NOT IN "Lamarr_TestNameTypeList.csv"	NOTE: this WARNING is also in "lamarr_ActualFlowBins_ti_binning.csv"
01/15/2016 03:45:51 PM WARNING: SUITE: "CTCS_START_Thermal" NOT IN "Lamarr_TestNameTypeList.csv"	NOTE: this WARNING is also in "lamarr_ActualFlowBins_ti_binning.csv"
01/15/2016 03:45:51 PM WARNING: SUITE: "PreReadSrc0" NOT IN "Lamarr_TestNameTypeList.csv"	NOTE: this WARNING is also in "lamarr_ActualFlowBins_ti_binning.csv"
01/15/2016 03:45:51 PM WARNING: SUITE: "SetGlobalSRVoltages" NOT IN "Lamarr_TestNameTypeList.csv"	NOTE: this WARNING is also in "lamarr_ActualFlowBins_ti_binning.csv"
01/15/2016 03:45:51 PM WARNING: SUITE: "SetGlobalSRVoltages" NOT IN "Lamarr_TestNameTypeList.csv"	NOTE: this WARNING is also in "lamarr_ActualFlowBins_ti_binning.csv"
01/15/2016 03:45:51 PM WARNING: SUITE: "IddqVmin1_IqC08Ful_______LM10_005_st_CCE" NOT IN "Lamarr_TestNameTypeList.csv"	NOTE: this WARNING is also in "lamarr_ActualFlowBins_ti_binning.csv"
01/15/2016 03:45:51 PM WARNING: SUITE: "IddqVmin1_IqC08Ful_______LM10_006_st_CCE" NOT IN "Lamarr_TestNameTypeList.csv"	NOTE: this WARNING is also in "lamarr_ActualFlowBins_ti_binning.csv"
01/15/2016 03:45:51 PM WARNING: SUITE: "IddqVnom_IqC08Ful_______LM10_005_st_CCE" NOT IN "Lamarr_TestNameTypeList.csv"	NOTE: this WARNING is also in "lamarr_ActualFlowBins_ti_binning.csv"
01/15/2016 03:45:51 PM WARNING: SUITE: "IddqVnom_IqC08Ful_______LM10_006_st_CCE" NOT IN "Lamarr_TestNameTypeList.csv"	NOTE: this WARNING is also in "lamarr_ActualFlowBins_ti_binning.csv"
01/15/2016 03:45:51 PM WARNING: SUITE: "IddqVmax_IqC08Ful_______LM10_005_st_CCE" NOT IN "Lamarr_TestNameTypeList.csv"	NOTE: this WARNING is also in "lamarr_ActualFlowBins_ti_binning.csv"
01/15/2016 03:45:51 PM WARNING: SUITE: "IddqVmax_IqC08Ful_______LM10_006_st_CCE" NOT IN "Lamarr_TestNameTypeList.csv"	NOTE: this WARNING is also in "lamarr_ActualFlowBins_ti_binning.csv"
01/15/2016 03:45:51 PM WARNING: SUITE: "SRc0PowerTest" NOT IN "Lamarr_TestNameTypeList.csv"	NOTE: this WARNING is also in "lamarr_ActualFlowBins_ti_binning.csv"
01/15/2016 03:45:51 PM WARNING: SUITE: "SRc0PowerTest" NOT IN "Lamarr_TestNameTypeList.csv"	NOTE: this WARNING is also in "lamarr_ActualFlowBins_ti_binning.csv"
01/15/2016 03:45:51 PM WARNING: SUITE: "ApplySRVminGBfromTDMeas" NOT IN "Lamarr_TestNameTypeList.csv"	NOTE: this WARNING is also in "lamarr_ActualFlowBins_ti_binning.csv"
01/15/2016 03:45:51 PM WARNING: SUITE: "SpeedSortVert_TRANS_P08" NOT IN "Lamarr_TestNameTypeList.csv"	NOTE: this WARNING is also in "lamarr_ActualFlowBins_ti_binning.csv"
01/15/2016 03:45:51 PM WARNING: SUITE: "SpeedSortVert_TRANS_P08_1" NOT IN "Lamarr_TestNameTypeList.csv"	NOTE: this WARNING is also in "lamarr_ActualFlowBins_ti_binning.csv"
01/15/2016 03:45:51 PM WARNING: SUITE: "SpeedSortVert_PBIST_TETRIS" NOT IN "Lamarr_TestNameTypeList.csv"	NOTE: this WARNING is also in "lamarr_ActualFlowBins_ti_binning.csv"
01/15/2016 03:45:51 PM WARNING: SUITE: "SpeedSortVert_LED_TETRIS" NOT IN "Lamarr_TestNameTypeList.csv"	NOTE: this WARNING is also in "lamarr_ActualFlowBins_ti_binning.csv"
01/15/2016 03:45:51 PM WARNING: SUITE: "SpeedSortVert_TRANS" NOT IN "Lamarr_TestNameTypeList.csv"	NOTE: this WARNING is also in "lamarr_ActualFlowBins_ti_binning.csv"
01/15/2016 03:45:51 PM WARNING: SUITE: "SpeedSortVert_TRANS_1" NOT IN "Lamarr_TestNameTypeList.csv"	NOTE: this WARNING is also in "lamarr_ActualFlowBins_ti_binning.csv"
01/15/2016 03:45:51 PM WARNING: SUITE: "SpeedSortVert_TRANS_FULLCHIP" NOT IN "Lamarr_TestNameTypeList.csv"	NOTE: this WARNING is also in "lamarr_ActualFlowBins_ti_binning.csv"
01/15/2016 03:45:51 PM WARNING: SUITE: "SpeedSortVert_PBIST" NOT IN "Lamarr_TestNameTypeList.csv"	NOTE: this WARNING is also in "lamarr_ActualFlowBins_ti_binning.csv"
01/15/2016 03:45:51 PM WARNING: SUITE: "SpeedSortVert_LED" NOT IN "Lamarr_TestNameTypeList.csv"	NOTE: this WARNING is also in "lamarr_ActualFlowBins_ti_binning.csv"
01/15/2016 03:45:51 PM WARNING: SUITE: "ProgramVIDSpeeds" NOT IN "Lamarr_TestNameTypeList.csv"	NOTE: this WARNING is also in "lamarr_ActualFlowBins_ti_binning.csv"
01/15/2016 03:45:51 PM WARNING: SUITE: "VerifyProgramVIDSpeeds" NOT IN "Lamarr_TestNameTypeList.csv"	NOTE: this WARNING is also in "lamarr_ActualFlowBins_ti_binning.csv"
01/15/2016 03:45:51 PM WARNING: SUITE: "EfusePostVerify_st" NOT IN "Lamarr_TestNameTypeList.csv"	NOTE: this WARNING is also in "lamarr_ActualFlowBins_ti_binning.csv"
01/15/2016 03:45:51 PM WARNING: SUITE: "DISCONNECT_SupplyShortsPost" NOT IN "Lamarr_TestNameTypeList.csv"	NOTE: this WARNING is also in "lamarr_ActualFlowBins_ti_binning.csv"
01/15/2016 03:45:51 PM WARNING: SUITE: "DISCONNECT_Cres" NOT IN "Lamarr_TestNameTypeList.csv"	NOTE: this WARNING is also in "lamarr_ActualFlowBins_ti_binning.csv"
01/15/2016 03:45:51 PM WARNING: SUITE: "Final_Binning" NOT IN "Lamarr_TestNameTypeList.csv"	NOTE: this WARNING is also in "lamarr_ActualFlowBins_ti_binning.csv"
01/15/2016 03:45:51 PM INFO: maxlogs=1 (default=1) Consider moving/deleting previous files (logs,png's,csv's,etc) between runs. Overwriting lamarr_ActualSoftBinDefs_ti_binning.csv
01/15/2016 03:45:51 PM INFO: Creating file: /db/kepler_pe/93k/working/py93kParsers/example_runs/lamarr/lamarr_ActualSoftBinDefs_ti_binning.csv
01/15/2016 03:45:51 PM INFO: maxlogs=1 (default=1) Consider moving/deleting previous files (logs,png's,csv's,etc) between runs. Overwriting lamarr_ActualHarBinDefs_ti_binning.csv
01/15/2016 03:45:51 PM INFO: Creating file: /db/kepler_pe/93k/working/py93kParsers/example_runs/lamarr/lamarr_ActualHarBinDefs_ti_binning.csv
01/15/2016 03:45:51 PM INFO: maxlogs=1 (default=1) Consider moving/deleting previous files (logs,png's,csv's,etc) between runs. Overwriting lamarr_CategoryBinningIssues_FT_RPC_HT__ti_binning.csv
01/15/2016 03:45:51 PM INFO: Creating file: /db/kepler_pe/93k/working/py93kParsers/example_runs/lamarr/lamarr_CategoryBinningIssues_FT_RPC_HT__ti_binning.csv
01/15/2016 03:45:51 PM ERROR: No softbin 13 defined in: "BinningLamarr.csv"
01/15/2016 03:45:51 PM INFO: ARGUMENTS:
	--name=lamarr
	--ignore_suites=None
	--testflow_file=
	--binning_csv=BinningLamarr.csv
	--testprog_file=/db/kepler_pe/93k/working/py93kParsers/example_progs/lamarr/testprog/F791857_Final_RPC.tpg
	--maxlogs=1
	--test_type_to_check=FT_RPC_HT
	--renumber=False
	--split=False
	--pic_type=png
	--debug=False
	--testtable_file=
	--categories=True
	--output_dir=/db/kepler_pe/93k/working/py93kParsers/example_runs/lamarr
01/15/2016 03:45:51 PM INFO: Number of WARNINGS for "ti_binning.py": 42
01/15/2016 03:45:51 PM INFO: Number of ERRORS for "ti_binning.py": 2
01/15/2016 03:45:51 PM INFO: Script took 50.366 seconds (00h:00m:50s)
