02/15/2016 06:36:48 PM INFO: Creating new directory: /db/kepler_pe/93k/working/py93kParsers/py93kParsers/example_runs/edison
02/15/2016 06:36:48 PM INFO: Creating file: /db/kepler_pe/93k/working/py93kParsers/py93kParsers/example_runs/edison/edison_a93k_extract.log
02/15/2016 06:36:48 PM INFO: Running a93k_extract.py...
02/15/2016 06:37:59 PM INFO: Found speed_sort_suites_file: SpeedSortSuites.csv
02/15/2016 06:37:59 PM INFO: Found speed_sort_groups_file: SpeedSortGroups.csv
02/15/2016 06:37:59 PM INFO: Found categories_file: Binning_CategoriesOD.csv
02/15/2016 06:37:59 PM INFO: Found bin_groups_file: Binning_Groups.csv
02/15/2016 06:37:59 PM INFO: Found test_name_type_file: Edison_TestNameTypelist.csv
02/15/2016 06:37:59 PM INFO: Parsing TI specific testtable file: BinningEdison.csv .....
02/15/2016 06:37:59 PM INFO: Parsing TI specific testtable file: Binning_Groups.csv .....
02/15/2016 06:37:59 PM INFO: Parsing TI specific testtable file: SpeedSortGroups.csv .....
02/15/2016 06:37:59 PM INFO: Parsing TI specific testtable file: Edison_TestNameTypelist.csv .....
02/15/2016 06:37:59 PM INFO: Parsing TI specific testtable file: Binning_CategoriesOD.csv .....
02/15/2016 06:37:59 PM WARNING: POSSIBLE ERRROR !!! Duplicate test/bin combination in Binning Categories!
Test: DCPinOpensTest_st_pIForce
sbin: 1001

02/15/2016 06:37:59 PM WARNING: POSSIBLE ERRROR !!! Duplicate test/bin combination in Binning Categories!
Test: DCPinOpensTestPerPin_st_pIForce_SigGroup
sbin: 1001

02/15/2016 06:37:59 PM WARNING: Extra tests in: "Binning_CategoriesOD.csv" that do not exist in: "Final_RPC_flow.mfh" OR in "Binning_Groups.csv"
	ODP_1P8V_XtrTest_st
	T_TD_MAX_READ
	VIDSpeedOutOfSpace_st
	ODP_SRAM_XtrTest_st
	ODP_HVT_IoffTest_st
	adaptiveRepair_st
	T_TD_MIN_READ
	PostAdaptiveRepair_st
	ODP_HVT_VtTest_st
	ODP_1P5V_XtrTest_st
	VIDSpeedProg_st
	ODP_LVT_IoffTest_st
	ODP_LVT_XtrTest_st
	alreadyRepair_st
	ODP_SVT_XtrTest_st
	FTMemRepEFProg_st
	speedSort1414_11w_st
	speedSort1414_13w_st
	ODP_SVT_IoffTest_st
	ODP_UVT_IoffTest_st
	BSCAN_FuncVminOD_st
	adaptiveRepairPatterns_st
	T_CTCS_MIN_READ
	MEMORYREPAIRED
	VerifyProgramVIDSpeeds_st
	T_CTCS_MAX_READ
	ODP_HVT_XtrTest_st
	ODP_NullDutTest_st
	speedSort1212_11w_st
	ODP_ViaTest_st
02/15/2016 06:37:59 PM WARNING: Extra tests in: "Final_RPC_flow.mfh" that do not exist in: "Binning_CategoriesOD.csv"
	IddqVnom_IqC08Ful_______ED10_017_st_CCE
	IddqVmin1_IqC08Ful_______ED10_004_st_PM1_FUNC
	IddqVmax_IqC08Ful_______ED10_015_st_PM1_FUNC
	IddqVnom_IqC08Ful_______ED10_012_st_PM1_MEAS
	IddqVnom_IqC08Ful_______ED10_008_st_PM1_MEAS
	IddqVnom_IqC08Ful_______ED10_009_st_end_FUNC
	IddqVmin1_IqC08Ful_______ED10_004_st_end_FUNC
	PB_PLL_MSMC_MM1_AtSpeedVmax_st
	IddqVmin1_IqC08Ful_______ED10_002_st_PM1_MEAS
	IddqVmax_IqC08Ful_______ED10_019_st_CCE
	CTCS_START_Vmax
	IddqVmin1_IqC08Ful_______ED10_019_st_end_FUNC
	TRANS_P01_AtSpeedVmax_st
	IddqVmin1_IqC08Ful_______ED10_017_st_end_FUNC
	ReadVIDSpeeds
	IddqVmax_IqC08Ful_______ED10_009_st_end_FUNC
	IddqVnom_IqC08Ful_______ED10_004_st_CCE
	IddqVmin1_IqC08Ful_______ED10_004_st_PM1_MEAS
	IddqVmin1_IqC08Ful_______ED10_016_st_CCE
	SpeedSortVert_Trans_1_1_OD
	IddqVnom_IqC08Ful_______ED10_012_st_end_FUNC
	IddqVnom_IqC08Ful_______ED10_006_st_CCE
	IddqVmax_IqC08Ful_______ED10_005_st_CCE
	DieIDPreRead_Thermal_st
	LED_SPI_AtSpeedVmin_st
	TRANS_P02_Q_AtSpeedVmin_st
	IddqVnom_IqC08Ful_______ED10_001_st_CCE
	LED_DDR_AtSpeedVmax_st
	TRANS_P01_1_AtSpeedVmax_st
	IddqVmax_IqC08Ful_______ED10_010_st_CCE
	IddqVmin1_IqC08Ful_______ED10_011_st_end_FUNC
	ApplySRVminGBfromTDMeas
	DieIDWaferXY_st
	TRANS_P02_AtSpeedVmin_st
	LED_USIM_AtSpeedVmax_st
	PB_PLL_MSMC_MM1_AtSpeedVskewPhi_st
	IddqVmin1_IqC08Ful_______ED10_008_st_PM1_FUNC
	IddqVmin1_IqC08Ful_______ED10_010_st_PM1_FUNC
	PB_PLL_TETRIS_MM1_AtSpeedVskewPhi_st
	VtTest_SRAM
	LED_TSIP_AtSpeedVmax_st
	LED_VUSR_AtSpeedVmin_st
	LED_DATPHY_DDR_AtSpeedVmin_st
	SpeedSortVert_Trans_1
	LED_ARM_AtSpeedVmax_st
	IddqVmin1_IqC08Ful_______ED10_010_st_end_FUNC
	LED_PA_AtSpeedVmin_st
	IddqVnom_IqC08Ful_______ED10_004_st_PM1_FUNC
	IddqVmax_IqC08Ful_______ED10_019_st_end_FUNC
	TRANS_P02_Q_AtSpeedVmax_st
	Final_Binning
	IddqVmax_IqC08Ful_______ED10_009_st_PM1_FUNC
	IddqVnom_IqC08Ful_______ED10_007_st_PM1_FUNC
	SpeedSortVert_Trans_2_1_OD
	TRANS_P08_AtSpeedVmax_st
	LED_UART_AtSpeedVmin_st
	IddqVmin1_IqC08Ful_______ED10_012_st_PM1_MEAS
	TRANS_P03_1_R_AtSpeedVmin_st
	LED_PCIE_AtSpeedVmin_st
	LED_I2C_AtSpeedVmax_st
	TRANS_P02_1_R_AtSpeedVmax_st
	PinShortsTestPerPin_st
	CHAIN_SAF_3_FuncVmaxFT_st
	PB_PLL_ROM_AtSpeedVmin_st
	LED_SPI_AtSpeedVmax_st
	VtTest_SVT
	IddqVmax_IqC08Ful_______ED10_007_st_PM1_MEAS
	TRANS_P04_R_AtSpeedVmin_st
	CTCS_SPT_N35
	LED_SEC_AtSpeedVmin_st
	IddqVmin1_IqC08Ful_______ED10_009_st_end_FUNC
	PB_PLL_TETRIS_MM1_D4_AtSpeedVmax_st
	IddqVnom_IqC08Ful_______ED10_018_st_CCE
	TRANS_P01_R_AtSpeedVmax_st
	LED_DDR_AtSpeedVminDDR3L_st
	LED_GPIO_AtSpeedVmin_st
	IddqVmin1_IqC08Ful_______ED10_018_st_PM1_FUNC
	TRANS_P03_R_AtSpeedVmax_st
	SpeedSortVert_LED_1_OD
	IddqVmax_IqC08Ful_______ED10_004_st_PM1_FUNC
	UpdateGuardBand
	LED_PHY_SGMII_AtSpeedVmax_st
	TRANS_P07_R_AtSpeedVmin_st
	VtTest_LVT
	IddqVmin1_IqC08Ful_______ED10_011_st_PM1_MEAS
	IddqVmax_IqC08Ful_______ED10_001_st_CCE
	DISCONNECT
	TRANS_P01_R_AtSpeedVmin_st
	IddqVmax_IqC08Ful_______ED10_005_st_PM1_MEAS
	EfuseCheckMg0_1_st
	TRANS_P03_Q_AtSpeedVmin_st
	IddqVmax_IqC08Ful_______ED10_010_st_end_FUNC
	TRANS_P06_R_AtSpeedVmax_st
	TRANS_P04_Q_AtSpeedVmin_st
	IddqVmin1_IqC08Ful_______ED10_008_st_PM1_MEAS
	PinShortsTest_st
	CTCS_End_Of_Lot_st
	IddqVmax_IqC08Ful_______ED10_013_st_end_FUNC
	TRANS_P03_R_AtSpeedVmin_st
	IddqVnom_IqC08Ful_______ED10_012_st_PM1_FUNC
	TRANS_P08_1_AtSpeedVmin_st
	LED_PHY_USB_AtSpeedVmin_st
	TRANS_P01_1_AtSpeedVmin_st
	IddqVnom_IqC08Ful_______ED10_005_st_end_FUNC
	LED_PSC_AtSpeedVmin_st
	IddqVmax_IqC08Ful_______ED10_006_st_PM1_FUNC
	IddqVmax_IqC08Ful_______ED10_011_st_end_FUNC
	LED_XGE_AtSpeedVmin_st
	IddqVnom_IqC08Ful_______ED10_011_st_PM1_FUNC
	PB_PLL_NSS_MM1_AtSpeedVmax_st
	TRANS_P05_R_AtSpeedVmin_st
	BRDG_P00_FuncVmaxFT_st
	SpeedSortVert_LED_1
	IddqVmax_IqC08Ful_______ED10_007_st_end_FUNC
	SAF_P00_FuncVmaxFT_st
	LED_DATPHY_DDR_AtSpeedVmax_st
	LED_GEM_AtSpeedVmin_st
	DISCONNECT_3
	DISCONNECT_2
	IddqVnom_IqC08Ful_______ED10_019_st_CCE
	DISCONNECT_4
	IddqVnom_IqC08Ful_______ED10_005_st_PM1_MEAS
	XtrIdriveTest_CORE_HVT
	IddqVmax_IqC08Ful_______ED10_006_st_end_FUNC
	TRANS_P02_R_AtSpeedVmin_st
	SpeedSortVert_Trans_1_1
	IddqVmax_IqC08Ful_______ED10_018_st_PM1_FUNC
	LED_ACPHY_DDR_AtSpeedVmax_st
	SpeedSortVert_Trans_2_OD
	IddqVmax_IqC08Ful_______ED10_000_st_CCE
	PB_PLL_TETRIS_MM1_D4_AtSpeedVskewPhi_st
	IddqVnom_IqC08Ful_______ED10_019_st_PM1_MEAS
	IddqVmax_IqC08Ful_______ED10_000_st_PM1_MEAS
	TRANS_P05_3_AtSpeedVmin_st
	TRANS_P01_Q_AtSpeedVmax_st
	IddqVmax_IqC08Ful_______ED10_005_st_PM1_FUNC
	IddqVmin1_IqC08Ful_______ED10_009_st_PM1_FUNC
	LED_I2C_AtSpeedVmin_st
	PreReadSrc0
	DISCONNECT_Cres
	IddqVnom_IqC08Ful_______ED10_016_st_CCE
	ODP_HVT_IOFFTEST
	SpeedSortVert_LED_OD
	IddqVmin1_IqC08Ful_______ED10_000_st_CCE
	PB_PLL_GEM_MM1_AtSpeedVmin_st
	TRANS_P05_1_Q_AtSpeedVmin_st
	LED_MSMC_AtSpeedVmin_st
	PB_PLL_ALL_MM1_AtSpeedVmax_st
	BSCAN_FuncVmin_st
	DieIDPartialProg_st
	IddqVnom_IqC08Ful_______ED10_000_st_CCE
	CTCS_SPT_N40
	IddqVmax_IqC08Ful_______ED10_019_st_PM1_FUNC
	IddqVmax_IqC08Ful_______ED10_006_st_CCE
	IddqVmin1_IqC08Ful_______ED10_004_st_CCE
	SpeedSortVert_Trans_1_OD
	TRANS_P04_AtSpeedVmin_st
	EfusePostVerify_st
	IddqVnom_IqC08Ful_______ED10_001_st_PM1_MEAS
	CTCS_Thermal
	IddqVmin1_IqC08Ful_______ED10_011_st_CCE
	LED_USIM_AtSpeedVmin_st
	CTCS_START_AtSpeedVmin
	IddqVmin1_IqC08Ful_______ED10_012_st_end_FUNC
	IddqVmax_IqC08Ful_______ED10_011_st_CCE
	LED_PCIE_AtSpeedVmax_st
	IddqVnom_IqC08Ful_______ED10_016_st_end_FUNC
	IddqVmax_IqC08Ful_______ED10_013_st_PM1_MEAS
	LED_SRSS_AtSpeedVmin_st
	setUserVars
	IddqVmin1_IqC08Ful_______ED10_003_st_PM1_MEAS
	IddqVmin1_IqC08Ful_______ED10_013_st_CCE
	UHC4Connectivity
	SAF_FULCHP_FuncVmaxFT_st
	DieIDDesRev_st
	BRDG_P04_FuncVmaxFT_st
	TRANS_P01_1_R_AtSpeedVmin_st
	IddqVnom_IqC08Ful_______ED10_014_st_CCE
	PB_PLL_NSS_MM1_AtSpeedVmin_st
	Thermo_Sensors_Calibration
	IddqVmin1_IqC08Ful_______ED10_019_st_CCE
	Init_framework
	IddqVnom_IqC08Ful_______ED10_013_st_end_FUNC
	IddqVnom_IqC08Ful_______ED10_011_st_end_FUNC
	IddqVmin1_IqC08Ful_______ED10_000_st_PM1_MEAS
	TRANS_P08_1_AtSpeedVmax_st
	IddqVmax_IqC08Ful_______ED10_011_st_PM1_FUNC
	IddqVnom_IqC08Ful_______ED10_010_st_end_FUNC
	LED_TIMER_AtSpeedVmax_st
	TRANS_P02_R_AtSpeedVmax_st
	LED_PHY_XGE_AtSpeedVmin_st
	IddqVmax_IqC08Ful_______ED10_009_st_PM1_MEAS
	CTCS_Vmax
	DieIDFabCode_st
	SAF_P03_FuncVmaxFT_st
	LED_ALLCORES_AtSpeedVmax_st
	ODP_SVT_IOFFTEST
	PB_PLL_ALL_MM1_D4_AtSpeedVmax_st
	IddqVnom_IqC08Ful_______ED10_009_st_PM1_MEAS
	PB_PLL_CHIP_MM1_AtSpeedVmin_st
	LED_UART_AtSpeedVmax_st
	IddqVmin1_IqC08Ful_______ED10_013_st_PM1_MEAS
	LED_BOOT_AtSpeedVmax_st
	LED_MSMC_AtSpeedVmax_st
	IddqVmin1_IqC08Ful_______ED10_002_st_PM1_FUNC
	TRANS_P08_2_Q_AtSpeedVmaxOD_st
	IddqVmax_IqC08Ful_______ED10_012_st_CCE
	SetSpeedSortLevel
	FuseChainAddr_st
	USP_READ_EEPROM
	IddqVmax_IqC08Ful_______ED10_016_st_CCE
	IddqVmin1_IqC08Ful_______ED10_006_st_PM1_FUNC
	XtrIdriveTest_CORE_LVT
	LED_PHY_VUSR_AtSpeedVmin_st
	LED_DDR_AtSpeedVmin_st
	DieIDLotNum_st
	ViaTest
	IddqVmin1_IqC08Ful_______ED10_005_st_end_FUNC
	SpeedSortVert_LED
	IddqVnom_IqC08Ful_______ED10_002_st_PM1_MEAS
	ODP_LVT_IOFFTEST
	LED_INTC_AtSpeedVmax_st
	IddqVmax_IqC08Ful_______ED10_007_st_PM1_FUNC
	IddqVmax_IqC08Ful_______ED10_008_st_CCE
	IddqVmax_IqC08Ful_______ED10_015_st_end_FUNC
	TRANS_P03_AtSpeedVmax_st
	IddqVmax_IqC08Ful_______ED10_001_st_PM1_FUNC
	CTCS_START_Vskew
	IddqVmax_IqC08Ful_______ED10_001_st_PM1_MEAS
	IddqVmin1_IqC08Ful_______ED10_015_st_PM1_MEAS
	IddqVnom_IqC08Ful_______ED10_006_st_PM1_MEAS
	TRANS_P02_1_AtSpeedVmin_st
	SpeedSortVert_Trans_2_1
	SpeedSortVert_Trans_2
	SAF_P07_FuncVmaxFT_st
	IddqVmax_IqC08Ful_______ED10_003_st_end_FUNC
	PB_PLL_GEM_MM1_AtSpeedVskewPhi_st
	IddqVmax_IqC08Ful_______ED10_008_st_PM1_FUNC
	CHAIN_SAF_FuncVmaxFT_st
	LED_PHY_SGMII_AtSpeedVmin_st
	LED_USB_AtSpeedVmin_st
	IddqVmax_IqC08Ful_______ED10_012_st_end_FUNC
	LED_TIMER_AtSpeedVmin_st
	IddqVmin1_IqC08Ful_______ED10_007_st_PM1_MEAS
	IddqVnom_IqC08Ful_______ED10_010_st_PM1_MEAS
	IddqVnom_IqC08Ful_______ED10_004_st_PM1_MEAS
	LED_ACPHY_DDR_AtSpeedVminDDR3L_st
	LED_EMIF_AtSpeedVmin_st
	LED_TRACER_AtSpeedVmin_st
	IddqVmin1_IqC08Ful_______ED10_008_st_CCE
	IddqVmax_IqC08Ful_______ED10_004_st_PM1_MEAS
	IddqVnom_IqC08Ful_______ED10_000_st_PM1_MEAS
	XtrIdriveTest_SRAM
	DieIDPostRead_st
	IddqVmax_IqC08Ful_______ED10_003_st_CCE
	DISCONNECT_4_1_1
	IddqVmax_IqC08Ful_______ED10_003_st_PM1_FUNC
	LED_PHY_XGE_AtSpeedVmax_st
	CTCS_Read_st
	LED_QMSS_AtSpeedVmin_st
	LED_ACPHY_DDR_AtSpeedVmin_st
	IddqVmin1_IqC08Ful_______ED10_012_st_CCE
	TRANS_P05_AtSpeedVmin_st
	IddqVmin1_IqC08Ful_______ED10_000_st_end_FUNC
	IddqVmax_IqC08Ful_______ED10_008_st_PM1_MEAS
	CTCS_AtSpeedVmin
	IddqVnom_IqC08Ful_______ED10_005_st_PM1_FUNC
	IddqVnom_IqC08Ful_______ED10_004_st_end_FUNC
	SAF_PWRSWT_FuncVmaxFT_st
	LED_VUSR_AtSpeedVmax_st
	TRANS_P04_AtSpeedVmax_st
	BSCAN_FuncVmaxFT_st
	TRANS_P01_1_R_AtSpeedVmax_st
	IddqVmax_IqC08Ful_______ED10_000_st_end_FUNC
	LED_TRACER_AtSpeedVmax_st
	LED_EMIF_AtSpeedVmax_st
	LED_ATDF_AtSpeedVmax_st
	IddqVnom_IqC08Ful_______ED10_017_st_PM1_MEAS
	IddqVmin1_IqC08Ful_______ED10_006_st_CCE
	TRANS_P08_1_R_AtSpeedVmaxOD_st
	BRDG_FULCHP_FuncVmaxFT_st
	IddqVnom_IqC08Ful_______ED10_003_st_PM1_MEAS
	BRDG_P01_FuncVmaxFT_st
	CHAIN_SAF_1_FuncVmaxFT_st
	IddqVnom_IqC08Ful_______ED10_014_st_PM1_FUNC
	IddqVnom_IqC08Ful_______ED10_007_st_PM1_MEAS
	SetupBBT
	LED_GPIO_AtSpeedVmax_st
	IddqVmax_IqC08Ful_______ED10_011_st_PM1_MEAS
	TRANS_P02_1_R_AtSpeedVmin_st
	IddqVmax_IqC08Ful_______ED10_016_st_end_FUNC
	TRANS_P06_AtSpeedVmax_st
	IddqVmax_IqC08Ful_______ED10_005_st_end_FUNC
	SAF_P02_FuncVmaxFT_st
	PinOpensTest_st
	IddqVmax_IqC08Ful_______ED10_014_st_CCE
	SAF_P05_FuncVmaxFT_st
	IddqVnom_IqC08Ful_______ED10_010_st_CCE
	IddqVnom_IqC08Ful_______ED10_008_st_end_FUNC
	IddqVmax_IqC08Ful_______ED10_002_st_CCE
	IddqVmin1_IqC08Ful_______ED10_015_st_end_FUNC
	IddqVmin1_IqC08Ful_______ED10_005_st_CCE
	TRANS_P02_1_Q_AtSpeedVmin_st
	IddqVnom_IqC08Ful_______ED10_011_st_PM1_MEAS
	IddqVnom_IqC08Ful_______ED10_016_st_PM1_MEAS
	LED_SEC_AtSpeedVmax_st
	IddqVmax_IqC08Ful_______ED10_004_st_end_FUNC
	IddqVmax_IqC08Ful_______ED10_000_st_PM1_FUNC
	BRDG_P02_FuncVmaxFT_st
	SAF_P04_FuncVmaxFT_st
	IddqVmax_IqC08Ful_______ED10_013_st_CCE
	IddqVnom_IqC08Ful_______ED10_001_st_end_FUNC
	CTCS_Vmin
	IddqVmax_IqC08Ful_______ED10_014_st_PM1_MEAS
	IddqVmin1_IqC08Ful_______ED10_017_st_PM1_FUNC
	PB_PLL_GEM_MM1_AtSpeedVmax_st
	IddqVnom_IqC08Ful_______ED10_013_st_PM1_FUNC
	IddqVmin1_IqC08Ful_______ED10_012_st_PM1_FUNC
	IddqVmin1_IqC08Ful_______ED10_009_st_CCE
	IddqVnom_IqC08Ful_______ED10_019_st_end_FUNC
	TRANS_P05_R_AtSpeedVmax_st
	IddqVnom_IqC08Ful_______ED10_003_st_CCE
	IddqVnom_IqC08Ful_______ED10_014_st_end_FUNC
	CHAIN_SAF_2_FuncVmaxFT_st
	TRANS_P02_1_AtSpeedVmax_st
	TRANS_P06_R_AtSpeedVmin_st
	IddqVnom_IqC08Ful_______ED10_013_st_CCE
	IddqVnom_IqC08Ful_______ED10_015_st_CCE
	TRANS_P05_Q_AtSpeedVmin_st
	TRANS_P03_1_AtSpeedVmax_st
	BRDG_P03_FuncVmaxFT_st
	TRANS_P05_1_AtSpeedVmax_st
	LED_ALLCORES_AtSpeedVmin_st
	TRANS_P08_AtSpeedVmin_st
	IddqVmax_IqC08Ful_______ED10_013_st_PM1_FUNC
	IddqVmin1_IqC08Ful_______ED10_016_st_end_FUNC
	IddqVnom_IqC08Ful_______ED10_003_st_PM1_FUNC
	TRANS_P07_AtSpeedVmax_st
	IddqVmin1_IqC08Ful_______ED10_005_st_PM1_FUNC
	IddqVnom_IqC08Ful_______ED10_012_st_CCE
	IddqVnom_IqC08Ful_______ED10_003_st_end_FUNC
	DPS128Connectivity
	TRANS_P06_Q_AtSpeedVmin_st
	IddqVnom_IqC08Ful_______ED10_017_st_end_FUNC
	IddqVnom_IqC08Ful_______ED10_018_st_end_FUNC
	IddqVnom_IqC08Ful_______ED10_002_st_CCE
	IddqVnom_IqC08Ful_______ED10_008_st_PM1_FUNC
	IddqVmax_IqC08Ful_______ED10_010_st_PM1_MEAS
	IddqVmin1_IqC08Ful_______ED10_018_st_end_FUNC
	IddqVmax_IqC08Ful_______ED10_014_st_end_FUNC
	DISCONNECT_3_1
	VtTest_HVT
	IddqVmin1_IqC08Ful_______ED10_014_st_PM1_MEAS
	IddqVnom_IqC08Ful_______ED10_018_st_PM1_MEAS
	func
	TRANS_P01_AtSpeedVmin_st
	IddqVmax_IqC08Ful_______ED10_002_st_PM1_MEAS
	DISCONNECT_1_1
	IddqVmin1_IqC08Ful_______ED10_003_st_end_FUNC
	IddqVmin1_IqC08Ful_______ED10_010_st_PM1_MEAS
	IddqVmin1_IqC08Ful_______ED10_002_st_end_FUNC
	PB_PLL_CHIP_MM1_AtSpeedVskewPhi_st
	IddqVmin1_IqC08Ful_______ED10_018_st_CCE
	PB_PLL_ROM_AtSpeedVskewPhi_st
	LED_PHY_VUSR_AtSpeedVmax_st
	TRANS_P03_1_AtSpeedVmin_st
	LED_EDMA_AtSpeedVmax_st
	IddqVmax_IqC08Ful_______ED10_018_st_CCE
	IddqVmax_IqC08Ful_______ED10_010_st_PM1_FUNC
	TRANS_P05_1_R_AtSpeedVmax_st
	IddqVmax_IqC08Ful_______ED10_003_st_PM1_MEAS
	IddqVnom_IqC08Ful_______ED10_014_st_PM1_MEAS
	IddqVmax_IqC08Ful_______ED10_007_st_CCE
	IddqVmin1_IqC08Ful_______ED10_006_st_end_FUNC
	TRANS_P03_1_R_AtSpeedVmax_st
	IddqVmax_IqC08Ful_______ED10_015_st_PM1_MEAS
	SpeedSortVert_LED_DDR_OD
	LED_PHY_PCIE_AtSpeedVmax_st
	TRANS_P04_Q_AtSpeedVmax_st
	PB_PLL_TETRIS_MM1_AtSpeedVmax_st
	CTCS_Vskew
	IddqVmin1_IqC08Ful_______ED10_014_st_PM1_FUNC
	IddqVmax_IqC08Ful_______ED10_018_st_end_FUNC
	TRANS_P04_R_AtSpeedVmax_st
	PB_PLL_ROM_AtSpeedVmax_st
	CTCS_Offset
	IddqVmax_IqC08Ful_______ED10_012_st_PM1_FUNC
	AdaptiveRepair
	PB_PLL_ALL_MM1_AtSpeedVskewPhi_st
	LED_EDMA_AtSpeedVmin_st
	LED_MPU_AtSpeedVmin_st
	IddqVnom_IqC08Ful_______ED10_013_st_PM1_MEAS
	LED_PHY_PCIE_AtSpeedVmin_st
	IddqVnom_IqC08Ful_______ED10_006_st_end_FUNC
	TRANS_P01_Q_AtSpeedVmin_st
	IddqVmin1_IqC08Ful_______ED10_003_st_PM1_FUNC
	IddqVmax_IqC08Ful_______ED10_004_st_CCE
	TRANS_P02_1_Q_AtSpeedVmax_st
	IddqVnom_IqC08Ful_______ED10_009_st_CCE
	IddqVnom_IqC08Ful_______ED10_007_st_end_FUNC
	IddqVmin1_IqC08Ful_______ED10_001_st_CCE
	IddqVmin1_IqC08Ful_______ED10_005_st_PM1_MEAS
	NULLDUT_1
	IddqVmin1_IqC08Ful_______ED10_002_st_CCE
	LED_DATPHY_DDR_AtSpeedVminDDR3L_st
	PB_PLL_TETRIS_MM1_D4_AtSpeedVmin_st
	TRANS_P07_AtSpeedVmin_st
	IddqVmax_IqC08Ful_______ED10_017_st_PM1_MEAS
	IddqVmin1_IqC08Ful_______ED10_001_st_PM1_MEAS
	IddqVmin1_IqC08Ful_______ED10_013_st_end_FUNC
	IddqVmin1_IqC08Ful_______ED10_007_st_end_FUNC
	IddqVmin1_IqC08Ful_______ED10_008_st_end_FUNC
	CTCS_Init_st
	IddqVmin1_IqC08Ful_______ED10_015_st_CCE
	IddqVmin1_IqC08Ful_______ED10_010_st_CCE
	CTCS_START_Vmin
	TRANS_P05_Q_AtSpeedVmax_st
	IddqVnom_IqC08Ful_______ED10_000_st_end_FUNC
	PB_PLL_ALL_MM1_AtSpeedVmin_st
	XtrIdriveTest_1P8V_DUT
	SAF_P01_FuncVmaxFT_st
	LED_SRSS_AtSpeedVmax_st
	LED_USB_AtSpeedVmax_st
	TRANS_P07_Q_AtSpeedVmin_st
	IddqVmax_IqC08Ful_______ED10_018_st_PM1_MEAS
	IddqVnom_IqC08Ful_______ED10_015_st_end_FUNC
	IddqVmin1_IqC08Ful_______ED10_014_st_end_FUNC
	IddqVmin1_IqC08Ful_______ED10_019_st_PM1_MEAS
	LED_MPU_AtSpeedVmax_st
	IddqVmax_IqC08Ful_______ED10_012_st_PM1_MEAS
	TRANS_P05_1_AtSpeedVmin_st
	IddqVmax_IqC08Ful_______ED10_017_st_CCE
	IddqVmin1_IqC08Ful_______ED10_017_st_CCE
	IddqVmin1_IqC08Ful_______ED10_018_st_PM1_MEAS
	PB_PLL_NSS_MM1_AtSpeedVskewPhi_st
	IddqVmax_IqC08Ful_______ED10_002_st_PM1_FUNC
	IddqVmin1_IqC08Ful_______ED10_007_st_PM1_FUNC
	DISCONNECT_4_1
	IddqVnom_IqC08Ful_______ED10_005_st_CCE
	IddqVnom_IqC08Ful_______ED10_002_st_PM1_FUNC
	TRANS_P02_AtSpeedVmax_st
	LED_BOOT_AtSpeedVmin_st
	BRDG_P08_FuncVmaxFT_st
	IddqVmax_IqC08Ful_______ED10_017_st_end_FUNC
	TRANS_P08_2_Q_AtSpeedVminOD_st
	USP_WRITE_EEPROM
	BRDG_P06_FuncVmaxFT_st
	SAF_P06_FuncVmaxFT_st
	IddqVnom_IqC08Ful_______ED10_002_st_end_FUNC
	TRANS_P05_3_AtSpeedVmax_st
	CHAIN_TRANS_FuncVmax_st
	BRDG_P07_FuncVmaxFT_st
	IddqVmin1_IqC08Ful_______ED10_006_st_PM1_MEAS
	TRANS_P05_AtSpeedVmax_st
	IddqVmin1_IqC08Ful_______ED10_016_st_PM1_FUNC
	SRc0PowerTest
	TRANS_P07_Q_AtSpeedVmax_st
	SetGlobalSRVoltages
	IddqVnom_IqC08Ful_______ED10_015_st_PM1_FUNC
	IddqVnom_IqC08Ful_______ED10_011_st_CCE
	IddqVmin1_IqC08Ful_______ED10_016_st_PM1_MEAS
	TRANS_P07_R_AtSpeedVmax_st
	IddqVmin1_IqC08Ful_______ED10_009_st_PM1_MEAS
	IddqVmax_IqC08Ful_______ED10_014_st_PM1_FUNC
	IddqVmax_IqC08Ful_______ED10_006_st_PM1_MEAS
	IddqVmin1_IqC08Ful_______ED10_007_st_CCE
	IddqVmax_IqC08Ful_______ED10_008_st_end_FUNC
	PinOpensTestPerPin_st
	IddqVnom_IqC08Ful_______ED10_009_st_PM1_FUNC
	IddqVnom_IqC08Ful_______ED10_007_st_CCE
	TRANS_P06_Q_AtSpeedVmax_st
	PB_PLL_ALL_MM1_D4_AtSpeedVmin_st
	SAF_DFTSS_FuncVmaxFT_st
	TRANS_P08_1_Q_AtSpeedVmaxOD_st
	PB_PLL_MSMC_MM1_AtSpeedVmin_st
	SAF_P08_FuncVmaxFT_st
	SpeedSortVert_PB_OD
	IddqVmin1_IqC08Ful_______ED10_017_st_PM1_MEAS
	LED_ATDF_AtSpeedVmin_st
	TRANS_P03_AtSpeedVmin_st
	VtTest_1P5V
	BRDG_P05_FuncVmaxFT_st
	LED_QMSS_AtSpeedVmax_st
	IddqVnom_IqC08Ful_______ED10_006_st_PM1_FUNC
	IddqVnom_IqC08Ful_______ED10_018_st_PM1_FUNC
	IddqVmax_IqC08Ful_______ED10_019_st_PM1_MEAS
	Loadboard_eeprom_check
	WarmUp
	TRANS_P05_1_R_AtSpeedVmin_st
	IddqVmax_IqC08Ful_______ED10_015_st_CCE
	TRANS_P03_Q_AtSpeedVmax_st
	CTCS_START_Thermal
	LED_PSC_AtSpeedVmax_st
	PB_PLL_CHIP_MM1_AtSpeedVmax_st
	BBT_Status
	LED_INTC_AtSpeedVmin_st
	IddqVnom_IqC08Ful_______ED10_015_st_PM1_MEAS
	IddqVnom_IqC08Ful_______ED10_016_st_PM1_FUNC
	XtrIdriveTest_CORE_SVT
	LED_PA_AtSpeedVmax_st
	LED_GEM_AtSpeedVmax_st
	LED_PHY_USB_AtSpeedVmax_st
	IddqVmax_IqC08Ful_______ED10_002_st_end_FUNC
	Thermo_Sensors_Read_Temperature
	IddqVmin1_IqC08Ful_______ED10_014_st_CCE
	IddqVmax_IqC08Ful_______ED10_016_st_PM1_FUNC
	IddqVmax_IqC08Ful_______ED10_016_st_PM1_MEAS
	IddqVmax_IqC08Ful_______ED10_009_st_CCE
	IddqVmin1_IqC08Ful_______ED10_003_st_CCE
	SpeedSortVert_PB
	VtTest_1P8V
	LED_TSIP_AtSpeedVmin_st
	TRANS_P05_1_Q_AtSpeedVmax_st
	IddqVmax_IqC08Ful_______ED10_001_st_end_FUNC
	IddqVmin1_IqC08Ful_______ED10_013_st_PM1_FUNC
	LED_ARM_AtSpeedVmin_st
	IddqVmin1_IqC08Ful_______ED10_015_st_PM1_FUNC
	IddqVmin1_IqC08Ful_______ED10_019_st_PM1_FUNC
	TRANS_P06_AtSpeedVmin_st
	PB_PLL_ALL_MM1_D4_AtSpeedVskewPhi_st
	IddqVnom_IqC08Ful_______ED10_017_st_PM1_FUNC
	IddqVnom_IqC08Ful_______ED10_008_st_CCE
	XtrIdriveTest_1P5V_DUT
	IddqVmin1_IqC08Ful_______ED10_001_st_end_FUNC
	IddqVnom_IqC08Ful_______ED10_019_st_PM1_FUNC
	IddqVmin1_IqC08Ful_______ED10_011_st_PM1_FUNC
	LED_XGE_AtSpeedVmax_st
	PB_PLL_TETRIS_MM1_AtSpeedVmin_st
	DieIDWaferNum_st
	IddqVnom_IqC08Ful_______ED10_010_st_PM1_FUNC
	Thermal_init
	IddqVmax_IqC08Ful_______ED10_017_st_PM1_FUNC
02/15/2016 06:37:59 PM WARNING: SUITE: "setUserVars" NOT IN "Edison_TestNameTypelist.csv"	NOTE: this WARNING is also in binning sheet
02/15/2016 06:37:59 PM WARNING: SUITE: "Init_framework" NOT IN "Edison_TestNameTypelist.csv"	NOTE: this WARNING is also in binning sheet
02/15/2016 06:37:59 PM WARNING: SUITE: "UpdateGuardBand" NOT IN "Edison_TestNameTypelist.csv"	NOTE: this WARNING is also in binning sheet
02/15/2016 06:37:59 PM WARNING: SUITE: "DPS128Connectivity" NOT IN "Edison_TestNameTypelist.csv"	NOTE: this WARNING is also in binning sheet
02/15/2016 06:37:59 PM WARNING: SUITE: "USP_WRITE_EEPROM" NOT IN "Edison_TestNameTypelist.csv"	NOTE: this WARNING is also in binning sheet
02/15/2016 06:37:59 PM WARNING: SUITE: "USP_READ_EEPROM" NOT IN "Edison_TestNameTypelist.csv"	NOTE: this WARNING is also in binning sheet
02/15/2016 06:37:59 PM WARNING: SUITE: "Loadboard_eeprom_check" NOT IN "Edison_TestNameTypelist.csv"	NOTE: this WARNING is also in binning sheet
02/15/2016 06:37:59 PM WARNING: SUITE: "CTCS_Init_st" NOT IN "Edison_TestNameTypelist.csv"	NOTE: this WARNING is also in binning sheet
02/15/2016 06:37:59 PM WARNING: SUITE: "CTCS_End_Of_Lot_st" NOT IN "Edison_TestNameTypelist.csv"	NOTE: this WARNING is also in binning sheet
02/15/2016 06:37:59 PM WARNING: SUITE: "UHC4Connectivity" NOT IN "Edison_TestNameTypelist.csv"	NOTE: this WARNING is also in binning sheet
02/15/2016 06:37:59 PM WARNING: SUITE: "DieIDPreRead_Thermal_st" NOT IN "Edison_TestNameTypelist.csv"	NOTE: this WARNING is also in binning sheet
02/15/2016 06:37:59 PM WARNING: SUITE: "Thermal_init" NOT IN "Edison_TestNameTypelist.csv"	NOTE: this WARNING is also in binning sheet
02/15/2016 06:37:59 PM WARNING: SUITE: "CTCS_Read_st" NOT IN "Edison_TestNameTypelist.csv"	NOTE: this WARNING is also in binning sheet
02/15/2016 06:37:59 PM WARNING: SUITE: "CTCS_Read_st" NOT IN "Edison_TestNameTypelist.csv"	NOTE: this WARNING is also in binning sheet
02/15/2016 06:37:59 PM WARNING: SUITE: "DISCONNECT_4_1" NOT IN "Edison_TestNameTypelist.csv"	NOTE: this WARNING is also in binning sheet
02/15/2016 06:37:59 PM WARNING: SUITE: "SetupBBT" NOT IN "Edison_TestNameTypelist.csv"	NOTE: this WARNING is also in binning sheet
02/15/2016 06:37:59 PM WARNING: SUITE: "SetupBBT" NOT IN "Edison_TestNameTypelist.csv"	NOTE: this WARNING is also in binning sheet
02/15/2016 06:37:59 PM WARNING: SUITE: "DISCONNECT" NOT IN "Edison_TestNameTypelist.csv"	NOTE: this WARNING is also in binning sheet
02/15/2016 06:37:59 PM WARNING: SUITE: "SupplyShortsPre2_st" NOT IN "Edison_TestNameTypelist.csv"	NOTE: this WARNING is also in binning sheet
02/15/2016 06:37:59 PM WARNING: SUITE: "DieIDWaferNum_st" NOT IN "Edison_TestNameTypelist.csv"	NOTE: this WARNING is also in binning sheet
02/15/2016 06:37:59 PM WARNING: SUITE: "DieIDFabCode_st" NOT IN "Edison_TestNameTypelist.csv"	NOTE: this WARNING is also in binning sheet
02/15/2016 06:37:59 PM WARNING: SUITE: "DieIDDesRev_st" NOT IN "Edison_TestNameTypelist.csv"	NOTE: this WARNING is also in binning sheet
02/15/2016 06:37:59 PM WARNING: SUITE: "DieIDWaferXY_st" NOT IN "Edison_TestNameTypelist.csv"	NOTE: this WARNING is also in binning sheet
02/15/2016 06:37:59 PM WARNING: SUITE: "DieIDLotNum_st" NOT IN "Edison_TestNameTypelist.csv"	NOTE: this WARNING is also in binning sheet
02/15/2016 06:37:59 PM WARNING: SUITE: "PinShortsTestPerPin_st_nIForce" NOT IN "Edison_TestNameTypelist.csv"	NOTE: this WARNING is also in binning sheet
02/15/2016 06:37:59 PM WARNING: SUITE: "PinShortsTest_st_nIForce" NOT IN "Edison_TestNameTypelist.csv"	NOTE: this WARNING is also in binning sheet
02/15/2016 06:37:59 PM WARNING: SUITE: "PinShortsTestPerPin_st_pIForce" NOT IN "Edison_TestNameTypelist.csv"	NOTE: this WARNING is also in binning sheet
02/15/2016 06:37:59 PM WARNING: SUITE: "PinShortsTest_st_pIForce" NOT IN "Edison_TestNameTypelist.csv"	NOTE: this WARNING is also in binning sheet
02/15/2016 06:37:59 PM WARNING: SUITE: "DISCONNECT_2" NOT IN "Edison_TestNameTypelist.csv"	NOTE: this WARNING is also in binning sheet
02/15/2016 06:37:59 PM WARNING: SUITE: "DISCONNECT_4" NOT IN "Edison_TestNameTypelist.csv"	NOTE: this WARNING is also in binning sheet
02/15/2016 06:37:59 PM WARNING: SUITE: "EfuseCheckMg0_1_st" NOT IN "Edison_TestNameTypelist.csv"	NOTE: this WARNING is also in binning sheet
02/15/2016 06:37:59 PM WARNING: SUITE: "PinShortsTestPerPin_st" NOT IN "Edison_TestNameTypelist.csv"	NOTE: this WARNING is also in binning sheet
02/15/2016 06:37:59 PM WARNING: SUITE: "PinOpensTestPerPin_st" NOT IN "Edison_TestNameTypelist.csv"	NOTE: this WARNING is also in binning sheet
02/15/2016 06:37:59 PM WARNING: SUITE: "PinOpensTestPerPin_st_nIForce" NOT IN "Edison_TestNameTypelist.csv"	NOTE: this WARNING is also in binning sheet
02/15/2016 06:37:59 PM WARNING: SUITE: "PinOpensTest_st_nIForce" NOT IN "Edison_TestNameTypelist.csv"	NOTE: this WARNING is also in binning sheet
02/15/2016 06:37:59 PM WARNING: SUITE: "DCPinOpensTestPerPin_st_pIForce_SigGroup" NOT IN "Edison_TestNameTypelist.csv"	NOTE: this WARNING is also in binning sheet
02/15/2016 06:37:59 PM WARNING: SUITE: "DCPinOpensTest_st_pIForce" NOT IN "Edison_TestNameTypelist.csv"	NOTE: this WARNING is also in binning sheet
02/15/2016 06:37:59 PM WARNING: SUITE: "DCPinOpensTestPerPin_st_nIForce_SigGroup" NOT IN "Edison_TestNameTypelist.csv"	NOTE: this WARNING is also in binning sheet
02/15/2016 06:37:59 PM WARNING: SUITE: "DCPinOpensTest_st_nIForce" NOT IN "Edison_TestNameTypelist.csv"	NOTE: this WARNING is also in binning sheet
02/15/2016 06:37:59 PM WARNING: SUITE: "DieIDPostRead_st" NOT IN "Edison_TestNameTypelist.csv"	NOTE: this WARNING is also in binning sheet
02/15/2016 06:37:59 PM WARNING: SUITE: "NULLDUT_1" NOT IN "Edison_TestNameTypelist.csv"	NOTE: this WARNING is also in binning sheet
02/15/2016 06:37:59 PM WARNING: SUITE: "ViaTest" NOT IN "Edison_TestNameTypelist.csv"	NOTE: this WARNING is also in binning sheet
02/15/2016 06:37:59 PM WARNING: SUITE: "XtrIdriveTest_CORE_HVT" NOT IN "Edison_TestNameTypelist.csv"	NOTE: this WARNING is also in binning sheet
02/15/2016 06:37:59 PM WARNING: SUITE: "XtrIdriveTest_CORE_SVT" NOT IN "Edison_TestNameTypelist.csv"	NOTE: this WARNING is also in binning sheet
02/15/2016 06:37:59 PM WARNING: SUITE: "XtrIdriveTest_CORE_LVT" NOT IN "Edison_TestNameTypelist.csv"	NOTE: this WARNING is also in binning sheet
02/15/2016 06:37:59 PM WARNING: SUITE: "XtrIdriveTest_1P5V_DUT" NOT IN "Edison_TestNameTypelist.csv"	NOTE: this WARNING is also in binning sheet
02/15/2016 06:37:59 PM WARNING: SUITE: "XtrIdriveTest_1P8V_DUT" NOT IN "Edison_TestNameTypelist.csv"	NOTE: this WARNING is also in binning sheet
02/15/2016 06:37:59 PM WARNING: SUITE: "XtrIdriveTest_SRAM" NOT IN "Edison_TestNameTypelist.csv"	NOTE: this WARNING is also in binning sheet
02/15/2016 06:37:59 PM WARNING: SUITE: "ODP_HVT_IOFFTEST" NOT IN "Edison_TestNameTypelist.csv"	NOTE: this WARNING is also in binning sheet
02/15/2016 06:37:59 PM WARNING: SUITE: "ODP_SVT_IOFFTEST" NOT IN "Edison_TestNameTypelist.csv"	NOTE: this WARNING is also in binning sheet
02/15/2016 06:37:59 PM WARNING: SUITE: "ODP_LVT_IOFFTEST" NOT IN "Edison_TestNameTypelist.csv"	NOTE: this WARNING is also in binning sheet
02/15/2016 06:37:59 PM WARNING: SUITE: "VtTest_HVT" NOT IN "Edison_TestNameTypelist.csv"	NOTE: this WARNING is also in binning sheet
02/15/2016 06:37:59 PM WARNING: SUITE: "VtTest_SVT" NOT IN "Edison_TestNameTypelist.csv"	NOTE: this WARNING is also in binning sheet
02/15/2016 06:37:59 PM WARNING: SUITE: "VtTest_LVT" NOT IN "Edison_TestNameTypelist.csv"	NOTE: this WARNING is also in binning sheet
02/15/2016 06:37:59 PM WARNING: SUITE: "VtTest_1P5V" NOT IN "Edison_TestNameTypelist.csv"	NOTE: this WARNING is also in binning sheet
02/15/2016 06:37:59 PM WARNING: SUITE: "VtTest_1P8V" NOT IN "Edison_TestNameTypelist.csv"	NOTE: this WARNING is also in binning sheet
02/15/2016 06:37:59 PM WARNING: SUITE: "VtTest_SRAM" NOT IN "Edison_TestNameTypelist.csv"	NOTE: this WARNING is also in binning sheet
02/15/2016 06:37:59 PM WARNING: SUITE: "ReadVIDSpeeds" NOT IN "Edison_TestNameTypelist.csv"	NOTE: this WARNING is also in binning sheet
02/15/2016 06:37:59 PM WARNING: SUITE: "PreReadSrc0" NOT IN "Edison_TestNameTypelist.csv"	NOTE: this WARNING is also in binning sheet
02/15/2016 06:37:59 PM WARNING: SUITE: "SetGlobalSRVoltages" NOT IN "Edison_TestNameTypelist.csv"	NOTE: this WARNING is also in binning sheet
02/15/2016 06:37:59 PM WARNING: SUITE: "SetGlobalSRVoltages" NOT IN "Edison_TestNameTypelist.csv"	NOTE: this WARNING is also in binning sheet
02/15/2016 06:37:59 PM WARNING: SUITE: "IddqVmin1_IqC08Ful_______ED10_000_st_PM1_FUNC" NOT IN "Edison_TestNameTypelist.csv"	NOTE: this WARNING is also in binning sheet
02/15/2016 06:37:59 PM WARNING: SUITE: "IddqVmin1_IqC08Ful_______ED10_000_st_PM1_MEAS" NOT IN "Edison_TestNameTypelist.csv"	NOTE: this WARNING is also in binning sheet
02/15/2016 06:37:59 PM WARNING: SUITE: "IddqVmin1_IqC08Ful_______ED10_000_st_end_FUNC" NOT IN "Edison_TestNameTypelist.csv"	NOTE: this WARNING is also in binning sheet
02/15/2016 06:37:59 PM WARNING: SUITE: "IddqVmin1_IqC08Ful_______ED10_000_st_CCE" NOT IN "Edison_TestNameTypelist.csv"	NOTE: this WARNING is also in binning sheet
02/15/2016 06:37:59 PM WARNING: SUITE: "IddqVmin1_IqC08Ful_______ED10_001_st_PM1_FUNC" NOT IN "Edison_TestNameTypelist.csv"	NOTE: this WARNING is also in binning sheet
02/15/2016 06:37:59 PM WARNING: SUITE: "IddqVmin1_IqC08Ful_______ED10_001_st_PM1_MEAS" NOT IN "Edison_TestNameTypelist.csv"	NOTE: this WARNING is also in binning sheet
02/15/2016 06:37:59 PM WARNING: SUITE: "IddqVmin1_IqC08Ful_______ED10_001_st_end_FUNC" NOT IN "Edison_TestNameTypelist.csv"	NOTE: this WARNING is also in binning sheet
02/15/2016 06:37:59 PM WARNING: SUITE: "IddqVmin1_IqC08Ful_______ED10_001_st_CCE" NOT IN "Edison_TestNameTypelist.csv"	NOTE: this WARNING is also in binning sheet
02/15/2016 06:37:59 PM WARNING: SUITE: "IddqVmin1_IqC08Ful_______ED10_002_st_PM1_FUNC" NOT IN "Edison_TestNameTypelist.csv"	NOTE: this WARNING is also in binning sheet
02/15/2016 06:37:59 PM WARNING: SUITE: "IddqVmin1_IqC08Ful_______ED10_002_st_PM1_MEAS" NOT IN "Edison_TestNameTypelist.csv"	NOTE: this WARNING is also in binning sheet
02/15/2016 06:37:59 PM WARNING: SUITE: "IddqVmin1_IqC08Ful_______ED10_002_st_end_FUNC" NOT IN "Edison_TestNameTypelist.csv"	NOTE: this WARNING is also in binning sheet
02/15/2016 06:37:59 PM WARNING: SUITE: "IddqVmin1_IqC08Ful_______ED10_002_st_CCE" NOT IN "Edison_TestNameTypelist.csv"	NOTE: this WARNING is also in binning sheet
02/15/2016 06:37:59 PM WARNING: SUITE: "IddqVmin1_IqC08Ful_______ED10_003_st_PM1_FUNC" NOT IN "Edison_TestNameTypelist.csv"	NOTE: this WARNING is also in binning sheet
02/15/2016 06:37:59 PM WARNING: SUITE: "IddqVmin1_IqC08Ful_______ED10_003_st_PM1_MEAS" NOT IN "Edison_TestNameTypelist.csv"	NOTE: this WARNING is also in binning sheet
02/15/2016 06:37:59 PM WARNING: SUITE: "IddqVmin1_IqC08Ful_______ED10_003_st_end_FUNC" NOT IN "Edison_TestNameTypelist.csv"	NOTE: this WARNING is also in binning sheet
02/15/2016 06:37:59 PM WARNING: SUITE: "IddqVmin1_IqC08Ful_______ED10_003_st_CCE" NOT IN "Edison_TestNameTypelist.csv"	NOTE: this WARNING is also in binning sheet
02/15/2016 06:37:59 PM WARNING: SUITE: "IddqVmin1_IqC08Ful_______ED10_004_st_PM1_FUNC" NOT IN "Edison_TestNameTypelist.csv"	NOTE: this WARNING is also in binning sheet
02/15/2016 06:37:59 PM WARNING: SUITE: "IddqVmin1_IqC08Ful_______ED10_004_st_PM1_MEAS" NOT IN "Edison_TestNameTypelist.csv"	NOTE: this WARNING is also in binning sheet
02/15/2016 06:37:59 PM WARNING: SUITE: "IddqVmin1_IqC08Ful_______ED10_004_st_end_FUNC" NOT IN "Edison_TestNameTypelist.csv"	NOTE: this WARNING is also in binning sheet
02/15/2016 06:37:59 PM WARNING: SUITE: "IddqVmin1_IqC08Ful_______ED10_004_st_CCE" NOT IN "Edison_TestNameTypelist.csv"	NOTE: this WARNING is also in binning sheet
02/15/2016 06:37:59 PM WARNING: SUITE: "IddqVmin1_IqC08Ful_______ED10_005_st_PM1_FUNC" NOT IN "Edison_TestNameTypelist.csv"	NOTE: this WARNING is also in binning sheet
02/15/2016 06:37:59 PM WARNING: SUITE: "IddqVmin1_IqC08Ful_______ED10_005_st_PM1_MEAS" NOT IN "Edison_TestNameTypelist.csv"	NOTE: this WARNING is also in binning sheet
02/15/2016 06:37:59 PM WARNING: SUITE: "IddqVmin1_IqC08Ful_______ED10_005_st_end_FUNC" NOT IN "Edison_TestNameTypelist.csv"	NOTE: this WARNING is also in binning sheet
02/15/2016 06:37:59 PM WARNING: SUITE: "IddqVmin1_IqC08Ful_______ED10_005_st_CCE" NOT IN "Edison_TestNameTypelist.csv"	NOTE: this WARNING is also in binning sheet
02/15/2016 06:37:59 PM WARNING: SUITE: "IddqVmin1_IqC08Ful_______ED10_006_st_PM1_FUNC" NOT IN "Edison_TestNameTypelist.csv"	NOTE: this WARNING is also in binning sheet
02/15/2016 06:37:59 PM WARNING: SUITE: "IddqVmin1_IqC08Ful_______ED10_006_st_PM1_MEAS" NOT IN "Edison_TestNameTypelist.csv"	NOTE: this WARNING is also in binning sheet
02/15/2016 06:37:59 PM WARNING: SUITE: "IddqVmin1_IqC08Ful_______ED10_006_st_end_FUNC" NOT IN "Edison_TestNameTypelist.csv"	NOTE: this WARNING is also in binning sheet
02/15/2016 06:37:59 PM WARNING: SUITE: "IddqVmin1_IqC08Ful_______ED10_006_st_CCE" NOT IN "Edison_TestNameTypelist.csv"	NOTE: this WARNING is also in binning sheet
02/15/2016 06:37:59 PM WARNING: SUITE: "IddqVmin1_IqC08Ful_______ED10_007_st_PM1_FUNC" NOT IN "Edison_TestNameTypelist.csv"	NOTE: this WARNING is also in binning sheet
02/15/2016 06:37:59 PM WARNING: SUITE: "IddqVmin1_IqC08Ful_______ED10_007_st_PM1_MEAS" NOT IN "Edison_TestNameTypelist.csv"	NOTE: this WARNING is also in binning sheet
02/15/2016 06:37:59 PM WARNING: SUITE: "IddqVmin1_IqC08Ful_______ED10_007_st_end_FUNC" NOT IN "Edison_TestNameTypelist.csv"	NOTE: this WARNING is also in binning sheet
02/15/2016 06:37:59 PM WARNING: SUITE: "IddqVmin1_IqC08Ful_______ED10_007_st_CCE" NOT IN "Edison_TestNameTypelist.csv"	NOTE: this WARNING is also in binning sheet
02/15/2016 06:37:59 PM WARNING: SUITE: "IddqVmin1_IqC08Ful_______ED10_008_st_PM1_FUNC" NOT IN "Edison_TestNameTypelist.csv"	NOTE: this WARNING is also in binning sheet
02/15/2016 06:37:59 PM WARNING: SUITE: "IddqVmin1_IqC08Ful_______ED10_008_st_PM1_MEAS" NOT IN "Edison_TestNameTypelist.csv"	NOTE: this WARNING is also in binning sheet
02/15/2016 06:37:59 PM WARNING: SUITE: "IddqVmin1_IqC08Ful_______ED10_008_st_end_FUNC" NOT IN "Edison_TestNameTypelist.csv"	NOTE: this WARNING is also in binning sheet
02/15/2016 06:37:59 PM WARNING: SUITE: "IddqVmin1_IqC08Ful_______ED10_008_st_CCE" NOT IN "Edison_TestNameTypelist.csv"	NOTE: this WARNING is also in binning sheet
02/15/2016 06:37:59 PM WARNING: SUITE: "IddqVmin1_IqC08Ful_______ED10_009_st_PM1_FUNC" NOT IN "Edison_TestNameTypelist.csv"	NOTE: this WARNING is also in binning sheet
02/15/2016 06:37:59 PM WARNING: SUITE: "IddqVmin1_IqC08Ful_______ED10_009_st_PM1_MEAS" NOT IN "Edison_TestNameTypelist.csv"	NOTE: this WARNING is also in binning sheet
02/15/2016 06:37:59 PM WARNING: SUITE: "IddqVmin1_IqC08Ful_______ED10_009_st_end_FUNC" NOT IN "Edison_TestNameTypelist.csv"	NOTE: this WARNING is also in binning sheet
02/15/2016 06:37:59 PM WARNING: SUITE: "IddqVmin1_IqC08Ful_______ED10_009_st_CCE" NOT IN "Edison_TestNameTypelist.csv"	NOTE: this WARNING is also in binning sheet
02/15/2016 06:37:59 PM WARNING: SUITE: "IddqVmin1_IqC08Ful_______ED10_010_st_PM1_FUNC" NOT IN "Edison_TestNameTypelist.csv"	NOTE: this WARNING is also in binning sheet
02/15/2016 06:37:59 PM WARNING: SUITE: "IddqVmin1_IqC08Ful_______ED10_010_st_PM1_MEAS" NOT IN "Edison_TestNameTypelist.csv"	NOTE: this WARNING is also in binning sheet
02/15/2016 06:37:59 PM WARNING: SUITE: "IddqVmin1_IqC08Ful_______ED10_010_st_end_FUNC" NOT IN "Edison_TestNameTypelist.csv"	NOTE: this WARNING is also in binning sheet
02/15/2016 06:37:59 PM WARNING: SUITE: "IddqVmin1_IqC08Ful_______ED10_010_st_CCE" NOT IN "Edison_TestNameTypelist.csv"	NOTE: this WARNING is also in binning sheet
02/15/2016 06:37:59 PM WARNING: SUITE: "IddqVmin1_IqC08Ful_______ED10_011_st_PM1_FUNC" NOT IN "Edison_TestNameTypelist.csv"	NOTE: this WARNING is also in binning sheet
02/15/2016 06:37:59 PM WARNING: SUITE: "IddqVmin1_IqC08Ful_______ED10_011_st_PM1_MEAS" NOT IN "Edison_TestNameTypelist.csv"	NOTE: this WARNING is also in binning sheet
02/15/2016 06:37:59 PM WARNING: SUITE: "IddqVmin1_IqC08Ful_______ED10_011_st_end_FUNC" NOT IN "Edison_TestNameTypelist.csv"	NOTE: this WARNING is also in binning sheet
02/15/2016 06:37:59 PM WARNING: SUITE: "IddqVmin1_IqC08Ful_______ED10_011_st_CCE" NOT IN "Edison_TestNameTypelist.csv"	NOTE: this WARNING is also in binning sheet
02/15/2016 06:37:59 PM WARNING: SUITE: "IddqVmin1_IqC08Ful_______ED10_012_st_PM1_FUNC" NOT IN "Edison_TestNameTypelist.csv"	NOTE: this WARNING is also in binning sheet
02/15/2016 06:37:59 PM WARNING: SUITE: "IddqVmin1_IqC08Ful_______ED10_012_st_PM1_MEAS" NOT IN "Edison_TestNameTypelist.csv"	NOTE: this WARNING is also in binning sheet
02/15/2016 06:37:59 PM WARNING: SUITE: "IddqVmin1_IqC08Ful_______ED10_012_st_end_FUNC" NOT IN "Edison_TestNameTypelist.csv"	NOTE: this WARNING is also in binning sheet
02/15/2016 06:37:59 PM WARNING: SUITE: "IddqVmin1_IqC08Ful_______ED10_012_st_CCE" NOT IN "Edison_TestNameTypelist.csv"	NOTE: this WARNING is also in binning sheet
02/15/2016 06:37:59 PM WARNING: SUITE: "IddqVmin1_IqC08Ful_______ED10_013_st_PM1_FUNC" NOT IN "Edison_TestNameTypelist.csv"	NOTE: this WARNING is also in binning sheet
02/15/2016 06:37:59 PM WARNING: SUITE: "IddqVmin1_IqC08Ful_______ED10_013_st_PM1_MEAS" NOT IN "Edison_TestNameTypelist.csv"	NOTE: this WARNING is also in binning sheet
02/15/2016 06:37:59 PM WARNING: SUITE: "IddqVmin1_IqC08Ful_______ED10_013_st_end_FUNC" NOT IN "Edison_TestNameTypelist.csv"	NOTE: this WARNING is also in binning sheet
02/15/2016 06:37:59 PM WARNING: SUITE: "IddqVmin1_IqC08Ful_______ED10_013_st_CCE" NOT IN "Edison_TestNameTypelist.csv"	NOTE: this WARNING is also in binning sheet
02/15/2016 06:37:59 PM WARNING: SUITE: "IddqVmin1_IqC08Ful_______ED10_014_st_PM1_FUNC" NOT IN "Edison_TestNameTypelist.csv"	NOTE: this WARNING is also in binning sheet
02/15/2016 06:37:59 PM WARNING: SUITE: "IddqVmin1_IqC08Ful_______ED10_014_st_PM1_MEAS" NOT IN "Edison_TestNameTypelist.csv"	NOTE: this WARNING is also in binning sheet
02/15/2016 06:37:59 PM WARNING: SUITE: "IddqVmin1_IqC08Ful_______ED10_014_st_end_FUNC" NOT IN "Edison_TestNameTypelist.csv"	NOTE: this WARNING is also in binning sheet
02/15/2016 06:37:59 PM WARNING: SUITE: "IddqVmin1_IqC08Ful_______ED10_014_st_CCE" NOT IN "Edison_TestNameTypelist.csv"	NOTE: this WARNING is also in binning sheet
02/15/2016 06:37:59 PM WARNING: SUITE: "IddqVmin1_IqC08Ful_______ED10_015_st_PM1_FUNC" NOT IN "Edison_TestNameTypelist.csv"	NOTE: this WARNING is also in binning sheet
02/15/2016 06:37:59 PM WARNING: SUITE: "IddqVmin1_IqC08Ful_______ED10_015_st_PM1_MEAS" NOT IN "Edison_TestNameTypelist.csv"	NOTE: this WARNING is also in binning sheet
02/15/2016 06:37:59 PM WARNING: SUITE: "IddqVmin1_IqC08Ful_______ED10_015_st_end_FUNC" NOT IN "Edison_TestNameTypelist.csv"	NOTE: this WARNING is also in binning sheet
02/15/2016 06:37:59 PM WARNING: SUITE: "IddqVmin1_IqC08Ful_______ED10_015_st_CCE" NOT IN "Edison_TestNameTypelist.csv"	NOTE: this WARNING is also in binning sheet
02/15/2016 06:37:59 PM WARNING: SUITE: "IddqVmin1_IqC08Ful_______ED10_016_st_PM1_FUNC" NOT IN "Edison_TestNameTypelist.csv"	NOTE: this WARNING is also in binning sheet
02/15/2016 06:37:59 PM WARNING: SUITE: "IddqVmin1_IqC08Ful_______ED10_016_st_PM1_MEAS" NOT IN "Edison_TestNameTypelist.csv"	NOTE: this WARNING is also in binning sheet
02/15/2016 06:37:59 PM WARNING: SUITE: "IddqVmin1_IqC08Ful_______ED10_016_st_end_FUNC" NOT IN "Edison_TestNameTypelist.csv"	NOTE: this WARNING is also in binning sheet
02/15/2016 06:37:59 PM WARNING: SUITE: "IddqVmin1_IqC08Ful_______ED10_016_st_CCE" NOT IN "Edison_TestNameTypelist.csv"	NOTE: this WARNING is also in binning sheet
02/15/2016 06:37:59 PM WARNING: SUITE: "IddqVmin1_IqC08Ful_______ED10_017_st_PM1_FUNC" NOT IN "Edison_TestNameTypelist.csv"	NOTE: this WARNING is also in binning sheet
02/15/2016 06:37:59 PM WARNING: SUITE: "IddqVmin1_IqC08Ful_______ED10_017_st_PM1_MEAS" NOT IN "Edison_TestNameTypelist.csv"	NOTE: this WARNING is also in binning sheet
02/15/2016 06:37:59 PM WARNING: SUITE: "IddqVmin1_IqC08Ful_______ED10_017_st_end_FUNC" NOT IN "Edison_TestNameTypelist.csv"	NOTE: this WARNING is also in binning sheet
02/15/2016 06:37:59 PM WARNING: SUITE: "IddqVmin1_IqC08Ful_______ED10_017_st_CCE" NOT IN "Edison_TestNameTypelist.csv"	NOTE: this WARNING is also in binning sheet
02/15/2016 06:37:59 PM WARNING: SUITE: "IddqVmin1_IqC08Ful_______ED10_018_st_PM1_FUNC" NOT IN "Edison_TestNameTypelist.csv"	NOTE: this WARNING is also in binning sheet
02/15/2016 06:37:59 PM WARNING: SUITE: "IddqVmin1_IqC08Ful_______ED10_018_st_PM1_MEAS" NOT IN "Edison_TestNameTypelist.csv"	NOTE: this WARNING is also in binning sheet
02/15/2016 06:37:59 PM WARNING: SUITE: "IddqVmin1_IqC08Ful_______ED10_018_st_end_FUNC" NOT IN "Edison_TestNameTypelist.csv"	NOTE: this WARNING is also in binning sheet
02/15/2016 06:37:59 PM WARNING: SUITE: "IddqVmin1_IqC08Ful_______ED10_018_st_CCE" NOT IN "Edison_TestNameTypelist.csv"	NOTE: this WARNING is also in binning sheet
02/15/2016 06:37:59 PM WARNING: SUITE: "IddqVmin1_IqC08Ful_______ED10_019_st_PM1_FUNC" NOT IN "Edison_TestNameTypelist.csv"	NOTE: this WARNING is also in binning sheet
02/15/2016 06:37:59 PM WARNING: SUITE: "IddqVmin1_IqC08Ful_______ED10_019_st_PM1_MEAS" NOT IN "Edison_TestNameTypelist.csv"	NOTE: this WARNING is also in binning sheet
02/15/2016 06:37:59 PM WARNING: SUITE: "IddqVmin1_IqC08Ful_______ED10_019_st_end_FUNC" NOT IN "Edison_TestNameTypelist.csv"	NOTE: this WARNING is also in binning sheet
02/15/2016 06:37:59 PM WARNING: SUITE: "IddqVmin1_IqC08Ful_______ED10_019_st_CCE" NOT IN "Edison_TestNameTypelist.csv"	NOTE: this WARNING is also in binning sheet
02/15/2016 06:37:59 PM WARNING: SUITE: "IddqVnom_IqC08Ful_______ED10_000_st_PM1_FUNC" NOT IN "Edison_TestNameTypelist.csv"	NOTE: this WARNING is also in binning sheet
02/15/2016 06:37:59 PM WARNING: SUITE: "IddqVnom_IqC08Ful_______ED10_000_st_PM1_MEAS" NOT IN "Edison_TestNameTypelist.csv"	NOTE: this WARNING is also in binning sheet
02/15/2016 06:37:59 PM WARNING: SUITE: "IddqVnom_IqC08Ful_______ED10_000_st_end_FUNC" NOT IN "Edison_TestNameTypelist.csv"	NOTE: this WARNING is also in binning sheet
02/15/2016 06:37:59 PM WARNING: SUITE: "IddqVnom_IqC08Ful_______ED10_000_st_CCE" NOT IN "Edison_TestNameTypelist.csv"	NOTE: this WARNING is also in binning sheet
02/15/2016 06:37:59 PM WARNING: SUITE: "IddqVnom_IqC08Ful_______ED10_001_st_PM1_FUNC" NOT IN "Edison_TestNameTypelist.csv"	NOTE: this WARNING is also in binning sheet
02/15/2016 06:37:59 PM WARNING: SUITE: "IddqVnom_IqC08Ful_______ED10_001_st_PM1_MEAS" NOT IN "Edison_TestNameTypelist.csv"	NOTE: this WARNING is also in binning sheet
02/15/2016 06:37:59 PM WARNING: SUITE: "IddqVnom_IqC08Ful_______ED10_001_st_end_FUNC" NOT IN "Edison_TestNameTypelist.csv"	NOTE: this WARNING is also in binning sheet
02/15/2016 06:37:59 PM WARNING: SUITE: "IddqVnom_IqC08Ful_______ED10_001_st_CCE" NOT IN "Edison_TestNameTypelist.csv"	NOTE: this WARNING is also in binning sheet
02/15/2016 06:37:59 PM WARNING: SUITE: "IddqVnom_IqC08Ful_______ED10_002_st_PM1_FUNC" NOT IN "Edison_TestNameTypelist.csv"	NOTE: this WARNING is also in binning sheet
02/15/2016 06:37:59 PM WARNING: SUITE: "IddqVnom_IqC08Ful_______ED10_002_st_PM1_MEAS" NOT IN "Edison_TestNameTypelist.csv"	NOTE: this WARNING is also in binning sheet
02/15/2016 06:37:59 PM WARNING: SUITE: "IddqVnom_IqC08Ful_______ED10_002_st_end_FUNC" NOT IN "Edison_TestNameTypelist.csv"	NOTE: this WARNING is also in binning sheet
02/15/2016 06:37:59 PM WARNING: SUITE: "IddqVnom_IqC08Ful_______ED10_002_st_CCE" NOT IN "Edison_TestNameTypelist.csv"	NOTE: this WARNING is also in binning sheet
02/15/2016 06:37:59 PM WARNING: SUITE: "IddqVnom_IqC08Ful_______ED10_003_st_PM1_FUNC" NOT IN "Edison_TestNameTypelist.csv"	NOTE: this WARNING is also in binning sheet
02/15/2016 06:37:59 PM WARNING: SUITE: "IddqVnom_IqC08Ful_______ED10_003_st_PM1_MEAS" NOT IN "Edison_TestNameTypelist.csv"	NOTE: this WARNING is also in binning sheet
02/15/2016 06:37:59 PM WARNING: SUITE: "IddqVnom_IqC08Ful_______ED10_003_st_end_FUNC" NOT IN "Edison_TestNameTypelist.csv"	NOTE: this WARNING is also in binning sheet
02/15/2016 06:37:59 PM WARNING: SUITE: "IddqVnom_IqC08Ful_______ED10_003_st_CCE" NOT IN "Edison_TestNameTypelist.csv"	NOTE: this WARNING is also in binning sheet
02/15/2016 06:37:59 PM WARNING: SUITE: "IddqVnom_IqC08Ful_______ED10_004_st_PM1_FUNC" NOT IN "Edison_TestNameTypelist.csv"	NOTE: this WARNING is also in binning sheet
02/15/2016 06:37:59 PM WARNING: SUITE: "IddqVnom_IqC08Ful_______ED10_004_st_PM1_MEAS" NOT IN "Edison_TestNameTypelist.csv"	NOTE: this WARNING is also in binning sheet
02/15/2016 06:37:59 PM WARNING: SUITE: "IddqVnom_IqC08Ful_______ED10_004_st_end_FUNC" NOT IN "Edison_TestNameTypelist.csv"	NOTE: this WARNING is also in binning sheet
02/15/2016 06:37:59 PM WARNING: SUITE: "IddqVnom_IqC08Ful_______ED10_004_st_CCE" NOT IN "Edison_TestNameTypelist.csv"	NOTE: this WARNING is also in binning sheet
02/15/2016 06:37:59 PM WARNING: SUITE: "IddqVnom_IqC08Ful_______ED10_005_st_PM1_FUNC" NOT IN "Edison_TestNameTypelist.csv"	NOTE: this WARNING is also in binning sheet
02/15/2016 06:37:59 PM WARNING: SUITE: "IddqVnom_IqC08Ful_______ED10_005_st_PM1_MEAS" NOT IN "Edison_TestNameTypelist.csv"	NOTE: this WARNING is also in binning sheet
02/15/2016 06:37:59 PM WARNING: SUITE: "IddqVnom_IqC08Ful_______ED10_005_st_end_FUNC" NOT IN "Edison_TestNameTypelist.csv"	NOTE: this WARNING is also in binning sheet
02/15/2016 06:37:59 PM WARNING: SUITE: "IddqVnom_IqC08Ful_______ED10_005_st_CCE" NOT IN "Edison_TestNameTypelist.csv"	NOTE: this WARNING is also in binning sheet
02/15/2016 06:37:59 PM WARNING: SUITE: "IddqVnom_IqC08Ful_______ED10_006_st_PM1_FUNC" NOT IN "Edison_TestNameTypelist.csv"	NOTE: this WARNING is also in binning sheet
02/15/2016 06:37:59 PM WARNING: SUITE: "IddqVnom_IqC08Ful_______ED10_006_st_PM1_MEAS" NOT IN "Edison_TestNameTypelist.csv"	NOTE: this WARNING is also in binning sheet
02/15/2016 06:37:59 PM WARNING: SUITE: "IddqVnom_IqC08Ful_______ED10_006_st_end_FUNC" NOT IN "Edison_TestNameTypelist.csv"	NOTE: this WARNING is also in binning sheet
02/15/2016 06:37:59 PM WARNING: SUITE: "IddqVnom_IqC08Ful_______ED10_006_st_CCE" NOT IN "Edison_TestNameTypelist.csv"	NOTE: this WARNING is also in binning sheet
02/15/2016 06:37:59 PM WARNING: SUITE: "IddqVnom_IqC08Ful_______ED10_007_st_PM1_FUNC" NOT IN "Edison_TestNameTypelist.csv"	NOTE: this WARNING is also in binning sheet
02/15/2016 06:37:59 PM WARNING: SUITE: "IddqVnom_IqC08Ful_______ED10_007_st_PM1_MEAS" NOT IN "Edison_TestNameTypelist.csv"	NOTE: this WARNING is also in binning sheet
02/15/2016 06:37:59 PM WARNING: SUITE: "IddqVnom_IqC08Ful_______ED10_007_st_end_FUNC" NOT IN "Edison_TestNameTypelist.csv"	NOTE: this WARNING is also in binning sheet
02/15/2016 06:37:59 PM WARNING: SUITE: "IddqVnom_IqC08Ful_______ED10_007_st_CCE" NOT IN "Edison_TestNameTypelist.csv"	NOTE: this WARNING is also in binning sheet
02/15/2016 06:37:59 PM WARNING: SUITE: "IddqVnom_IqC08Ful_______ED10_008_st_PM1_FUNC" NOT IN "Edison_TestNameTypelist.csv"	NOTE: this WARNING is also in binning sheet
02/15/2016 06:37:59 PM WARNING: SUITE: "IddqVnom_IqC08Ful_______ED10_008_st_PM1_MEAS" NOT IN "Edison_TestNameTypelist.csv"	NOTE: this WARNING is also in binning sheet
02/15/2016 06:37:59 PM WARNING: SUITE: "IddqVnom_IqC08Ful_______ED10_008_st_end_FUNC" NOT IN "Edison_TestNameTypelist.csv"	NOTE: this WARNING is also in binning sheet
02/15/2016 06:37:59 PM WARNING: SUITE: "IddqVnom_IqC08Ful_______ED10_008_st_CCE" NOT IN "Edison_TestNameTypelist.csv"	NOTE: this WARNING is also in binning sheet
02/15/2016 06:37:59 PM WARNING: SUITE: "IddqVnom_IqC08Ful_______ED10_009_st_PM1_FUNC" NOT IN "Edison_TestNameTypelist.csv"	NOTE: this WARNING is also in binning sheet
02/15/2016 06:37:59 PM WARNING: SUITE: "IddqVnom_IqC08Ful_______ED10_009_st_PM1_MEAS" NOT IN "Edison_TestNameTypelist.csv"	NOTE: this WARNING is also in binning sheet
02/15/2016 06:37:59 PM WARNING: SUITE: "IddqVnom_IqC08Ful_______ED10_009_st_end_FUNC" NOT IN "Edison_TestNameTypelist.csv"	NOTE: this WARNING is also in binning sheet
02/15/2016 06:37:59 PM WARNING: SUITE: "IddqVnom_IqC08Ful_______ED10_009_st_CCE" NOT IN "Edison_TestNameTypelist.csv"	NOTE: this WARNING is also in binning sheet
02/15/2016 06:37:59 PM WARNING: SUITE: "IddqVnom_IqC08Ful_______ED10_010_st_PM1_FUNC" NOT IN "Edison_TestNameTypelist.csv"	NOTE: this WARNING is also in binning sheet
02/15/2016 06:37:59 PM WARNING: SUITE: "IddqVnom_IqC08Ful_______ED10_010_st_PM1_MEAS" NOT IN "Edison_TestNameTypelist.csv"	NOTE: this WARNING is also in binning sheet
02/15/2016 06:37:59 PM WARNING: SUITE: "IddqVnom_IqC08Ful_______ED10_010_st_end_FUNC" NOT IN "Edison_TestNameTypelist.csv"	NOTE: this WARNING is also in binning sheet
02/15/2016 06:37:59 PM WARNING: SUITE: "IddqVnom_IqC08Ful_______ED10_010_st_CCE" NOT IN "Edison_TestNameTypelist.csv"	NOTE: this WARNING is also in binning sheet
02/15/2016 06:37:59 PM WARNING: SUITE: "IddqVnom_IqC08Ful_______ED10_011_st_PM1_FUNC" NOT IN "Edison_TestNameTypelist.csv"	NOTE: this WARNING is also in binning sheet
02/15/2016 06:37:59 PM WARNING: SUITE: "IddqVnom_IqC08Ful_______ED10_011_st_PM1_MEAS" NOT IN "Edison_TestNameTypelist.csv"	NOTE: this WARNING is also in binning sheet
02/15/2016 06:37:59 PM WARNING: SUITE: "IddqVnom_IqC08Ful_______ED10_011_st_end_FUNC" NOT IN "Edison_TestNameTypelist.csv"	NOTE: this WARNING is also in binning sheet
02/15/2016 06:37:59 PM WARNING: SUITE: "IddqVnom_IqC08Ful_______ED10_011_st_CCE" NOT IN "Edison_TestNameTypelist.csv"	NOTE: this WARNING is also in binning sheet
02/15/2016 06:37:59 PM WARNING: SUITE: "IddqVnom_IqC08Ful_______ED10_012_st_PM1_FUNC" NOT IN "Edison_TestNameTypelist.csv"	NOTE: this WARNING is also in binning sheet
02/15/2016 06:37:59 PM WARNING: SUITE: "IddqVnom_IqC08Ful_______ED10_012_st_PM1_MEAS" NOT IN "Edison_TestNameTypelist.csv"	NOTE: this WARNING is also in binning sheet
02/15/2016 06:37:59 PM WARNING: SUITE: "IddqVnom_IqC08Ful_______ED10_012_st_end_FUNC" NOT IN "Edison_TestNameTypelist.csv"	NOTE: this WARNING is also in binning sheet
02/15/2016 06:37:59 PM WARNING: SUITE: "IddqVnom_IqC08Ful_______ED10_012_st_CCE" NOT IN "Edison_TestNameTypelist.csv"	NOTE: this WARNING is also in binning sheet
02/15/2016 06:37:59 PM WARNING: SUITE: "IddqVnom_IqC08Ful_______ED10_013_st_PM1_FUNC" NOT IN "Edison_TestNameTypelist.csv"	NOTE: this WARNING is also in binning sheet
02/15/2016 06:37:59 PM WARNING: SUITE: "IddqVnom_IqC08Ful_______ED10_013_st_PM1_MEAS" NOT IN "Edison_TestNameTypelist.csv"	NOTE: this WARNING is also in binning sheet
02/15/2016 06:37:59 PM WARNING: SUITE: "IddqVnom_IqC08Ful_______ED10_013_st_end_FUNC" NOT IN "Edison_TestNameTypelist.csv"	NOTE: this WARNING is also in binning sheet
02/15/2016 06:37:59 PM WARNING: SUITE: "IddqVnom_IqC08Ful_______ED10_013_st_CCE" NOT IN "Edison_TestNameTypelist.csv"	NOTE: this WARNING is also in binning sheet
02/15/2016 06:37:59 PM WARNING: SUITE: "IddqVnom_IqC08Ful_______ED10_014_st_PM1_FUNC" NOT IN "Edison_TestNameTypelist.csv"	NOTE: this WARNING is also in binning sheet
02/15/2016 06:37:59 PM WARNING: SUITE: "IddqVnom_IqC08Ful_______ED10_014_st_PM1_MEAS" NOT IN "Edison_TestNameTypelist.csv"	NOTE: this WARNING is also in binning sheet
02/15/2016 06:37:59 PM WARNING: SUITE: "IddqVnom_IqC08Ful_______ED10_014_st_end_FUNC" NOT IN "Edison_TestNameTypelist.csv"	NOTE: this WARNING is also in binning sheet
02/15/2016 06:37:59 PM WARNING: SUITE: "IddqVnom_IqC08Ful_______ED10_014_st_CCE" NOT IN "Edison_TestNameTypelist.csv"	NOTE: this WARNING is also in binning sheet
02/15/2016 06:37:59 PM WARNING: SUITE: "IddqVnom_IqC08Ful_______ED10_015_st_PM1_FUNC" NOT IN "Edison_TestNameTypelist.csv"	NOTE: this WARNING is also in binning sheet
02/15/2016 06:37:59 PM WARNING: SUITE: "IddqVnom_IqC08Ful_______ED10_015_st_PM1_MEAS" NOT IN "Edison_TestNameTypelist.csv"	NOTE: this WARNING is also in binning sheet
02/15/2016 06:37:59 PM WARNING: SUITE: "IddqVnom_IqC08Ful_______ED10_015_st_end_FUNC" NOT IN "Edison_TestNameTypelist.csv"	NOTE: this WARNING is also in binning sheet
02/15/2016 06:37:59 PM WARNING: SUITE: "IddqVnom_IqC08Ful_______ED10_015_st_CCE" NOT IN "Edison_TestNameTypelist.csv"	NOTE: this WARNING is also in binning sheet
02/15/2016 06:37:59 PM WARNING: SUITE: "IddqVnom_IqC08Ful_______ED10_016_st_PM1_FUNC" NOT IN "Edison_TestNameTypelist.csv"	NOTE: this WARNING is also in binning sheet
02/15/2016 06:37:59 PM WARNING: SUITE: "IddqVnom_IqC08Ful_______ED10_016_st_PM1_MEAS" NOT IN "Edison_TestNameTypelist.csv"	NOTE: this WARNING is also in binning sheet
02/15/2016 06:37:59 PM WARNING: SUITE: "IddqVnom_IqC08Ful_______ED10_016_st_end_FUNC" NOT IN "Edison_TestNameTypelist.csv"	NOTE: this WARNING is also in binning sheet
02/15/2016 06:37:59 PM WARNING: SUITE: "IddqVnom_IqC08Ful_______ED10_016_st_CCE" NOT IN "Edison_TestNameTypelist.csv"	NOTE: this WARNING is also in binning sheet
02/15/2016 06:37:59 PM WARNING: SUITE: "IddqVnom_IqC08Ful_______ED10_017_st_PM1_FUNC" NOT IN "Edison_TestNameTypelist.csv"	NOTE: this WARNING is also in binning sheet
02/15/2016 06:37:59 PM WARNING: SUITE: "IddqVnom_IqC08Ful_______ED10_017_st_PM1_MEAS" NOT IN "Edison_TestNameTypelist.csv"	NOTE: this WARNING is also in binning sheet
02/15/2016 06:37:59 PM WARNING: SUITE: "IddqVnom_IqC08Ful_______ED10_017_st_end_FUNC" NOT IN "Edison_TestNameTypelist.csv"	NOTE: this WARNING is also in binning sheet
02/15/2016 06:37:59 PM WARNING: SUITE: "IddqVnom_IqC08Ful_______ED10_017_st_CCE" NOT IN "Edison_TestNameTypelist.csv"	NOTE: this WARNING is also in binning sheet
02/15/2016 06:37:59 PM WARNING: SUITE: "IddqVnom_IqC08Ful_______ED10_018_st_PM1_FUNC" NOT IN "Edison_TestNameTypelist.csv"	NOTE: this WARNING is also in binning sheet
02/15/2016 06:37:59 PM WARNING: SUITE: "IddqVnom_IqC08Ful_______ED10_018_st_PM1_MEAS" NOT IN "Edison_TestNameTypelist.csv"	NOTE: this WARNING is also in binning sheet
02/15/2016 06:37:59 PM WARNING: SUITE: "IddqVnom_IqC08Ful_______ED10_018_st_end_FUNC" NOT IN "Edison_TestNameTypelist.csv"	NOTE: this WARNING is also in binning sheet
02/15/2016 06:37:59 PM WARNING: SUITE: "IddqVnom_IqC08Ful_______ED10_018_st_CCE" NOT IN "Edison_TestNameTypelist.csv"	NOTE: this WARNING is also in binning sheet
02/15/2016 06:37:59 PM WARNING: SUITE: "IddqVnom_IqC08Ful_______ED10_019_st_PM1_FUNC" NOT IN "Edison_TestNameTypelist.csv"	NOTE: this WARNING is also in binning sheet
02/15/2016 06:37:59 PM WARNING: SUITE: "IddqVnom_IqC08Ful_______ED10_019_st_PM1_MEAS" NOT IN "Edison_TestNameTypelist.csv"	NOTE: this WARNING is also in binning sheet
02/15/2016 06:37:59 PM WARNING: SUITE: "IddqVnom_IqC08Ful_______ED10_019_st_end_FUNC" NOT IN "Edison_TestNameTypelist.csv"	NOTE: this WARNING is also in binning sheet
02/15/2016 06:37:59 PM WARNING: SUITE: "IddqVnom_IqC08Ful_______ED10_019_st_CCE" NOT IN "Edison_TestNameTypelist.csv"	NOTE: this WARNING is also in binning sheet
02/15/2016 06:37:59 PM WARNING: SUITE: "IddqVmax_IqC08Ful_______ED10_000_st_PM1_FUNC" NOT IN "Edison_TestNameTypelist.csv"	NOTE: this WARNING is also in binning sheet
02/15/2016 06:37:59 PM WARNING: SUITE: "IddqVmax_IqC08Ful_______ED10_000_st_PM1_MEAS" NOT IN "Edison_TestNameTypelist.csv"	NOTE: this WARNING is also in binning sheet
02/15/2016 06:37:59 PM WARNING: SUITE: "IddqVmax_IqC08Ful_______ED10_000_st_end_FUNC" NOT IN "Edison_TestNameTypelist.csv"	NOTE: this WARNING is also in binning sheet
02/15/2016 06:37:59 PM WARNING: SUITE: "IddqVmax_IqC08Ful_______ED10_000_st_CCE" NOT IN "Edison_TestNameTypelist.csv"	NOTE: this WARNING is also in binning sheet
02/15/2016 06:37:59 PM WARNING: SUITE: "IddqVmax_IqC08Ful_______ED10_001_st_PM1_FUNC" NOT IN "Edison_TestNameTypelist.csv"	NOTE: this WARNING is also in binning sheet
02/15/2016 06:37:59 PM WARNING: SUITE: "IddqVmax_IqC08Ful_______ED10_001_st_PM1_MEAS" NOT IN "Edison_TestNameTypelist.csv"	NOTE: this WARNING is also in binning sheet
02/15/2016 06:37:59 PM WARNING: SUITE: "IddqVmax_IqC08Ful_______ED10_001_st_end_FUNC" NOT IN "Edison_TestNameTypelist.csv"	NOTE: this WARNING is also in binning sheet
02/15/2016 06:37:59 PM WARNING: SUITE: "IddqVmax_IqC08Ful_______ED10_001_st_CCE" NOT IN "Edison_TestNameTypelist.csv"	NOTE: this WARNING is also in binning sheet
02/15/2016 06:37:59 PM WARNING: SUITE: "IddqVmax_IqC08Ful_______ED10_002_st_PM1_FUNC" NOT IN "Edison_TestNameTypelist.csv"	NOTE: this WARNING is also in binning sheet
02/15/2016 06:37:59 PM WARNING: SUITE: "IddqVmax_IqC08Ful_______ED10_002_st_PM1_MEAS" NOT IN "Edison_TestNameTypelist.csv"	NOTE: this WARNING is also in binning sheet
02/15/2016 06:37:59 PM WARNING: SUITE: "IddqVmax_IqC08Ful_______ED10_002_st_end_FUNC" NOT IN "Edison_TestNameTypelist.csv"	NOTE: this WARNING is also in binning sheet
02/15/2016 06:37:59 PM WARNING: SUITE: "IddqVmax_IqC08Ful_______ED10_002_st_CCE" NOT IN "Edison_TestNameTypelist.csv"	NOTE: this WARNING is also in binning sheet
02/15/2016 06:37:59 PM WARNING: SUITE: "IddqVmax_IqC08Ful_______ED10_003_st_PM1_FUNC" NOT IN "Edison_TestNameTypelist.csv"	NOTE: this WARNING is also in binning sheet
02/15/2016 06:37:59 PM WARNING: SUITE: "IddqVmax_IqC08Ful_______ED10_003_st_PM1_MEAS" NOT IN "Edison_TestNameTypelist.csv"	NOTE: this WARNING is also in binning sheet
02/15/2016 06:37:59 PM WARNING: SUITE: "IddqVmax_IqC08Ful_______ED10_003_st_end_FUNC" NOT IN "Edison_TestNameTypelist.csv"	NOTE: this WARNING is also in binning sheet
02/15/2016 06:37:59 PM WARNING: SUITE: "IddqVmax_IqC08Ful_______ED10_003_st_CCE" NOT IN "Edison_TestNameTypelist.csv"	NOTE: this WARNING is also in binning sheet
02/15/2016 06:37:59 PM WARNING: SUITE: "IddqVmax_IqC08Ful_______ED10_004_st_PM1_FUNC" NOT IN "Edison_TestNameTypelist.csv"	NOTE: this WARNING is also in binning sheet
02/15/2016 06:37:59 PM WARNING: SUITE: "IddqVmax_IqC08Ful_______ED10_004_st_PM1_MEAS" NOT IN "Edison_TestNameTypelist.csv"	NOTE: this WARNING is also in binning sheet
02/15/2016 06:37:59 PM WARNING: SUITE: "IddqVmax_IqC08Ful_______ED10_004_st_end_FUNC" NOT IN "Edison_TestNameTypelist.csv"	NOTE: this WARNING is also in binning sheet
02/15/2016 06:37:59 PM WARNING: SUITE: "IddqVmax_IqC08Ful_______ED10_004_st_CCE" NOT IN "Edison_TestNameTypelist.csv"	NOTE: this WARNING is also in binning sheet
02/15/2016 06:37:59 PM WARNING: SUITE: "IddqVmax_IqC08Ful_______ED10_005_st_PM1_FUNC" NOT IN "Edison_TestNameTypelist.csv"	NOTE: this WARNING is also in binning sheet
02/15/2016 06:37:59 PM WARNING: SUITE: "IddqVmax_IqC08Ful_______ED10_005_st_PM1_MEAS" NOT IN "Edison_TestNameTypelist.csv"	NOTE: this WARNING is also in binning sheet
02/15/2016 06:37:59 PM WARNING: SUITE: "IddqVmax_IqC08Ful_______ED10_005_st_end_FUNC" NOT IN "Edison_TestNameTypelist.csv"	NOTE: this WARNING is also in binning sheet
02/15/2016 06:37:59 PM WARNING: SUITE: "IddqVmax_IqC08Ful_______ED10_005_st_CCE" NOT IN "Edison_TestNameTypelist.csv"	NOTE: this WARNING is also in binning sheet
02/15/2016 06:37:59 PM WARNING: SUITE: "IddqVmax_IqC08Ful_______ED10_006_st_PM1_FUNC" NOT IN "Edison_TestNameTypelist.csv"	NOTE: this WARNING is also in binning sheet
02/15/2016 06:37:59 PM WARNING: SUITE: "IddqVmax_IqC08Ful_______ED10_006_st_PM1_MEAS" NOT IN "Edison_TestNameTypelist.csv"	NOTE: this WARNING is also in binning sheet
02/15/2016 06:37:59 PM WARNING: SUITE: "IddqVmax_IqC08Ful_______ED10_006_st_end_FUNC" NOT IN "Edison_TestNameTypelist.csv"	NOTE: this WARNING is also in binning sheet
02/15/2016 06:37:59 PM WARNING: SUITE: "IddqVmax_IqC08Ful_______ED10_006_st_CCE" NOT IN "Edison_TestNameTypelist.csv"	NOTE: this WARNING is also in binning sheet
02/15/2016 06:37:59 PM WARNING: SUITE: "IddqVmax_IqC08Ful_______ED10_007_st_PM1_FUNC" NOT IN "Edison_TestNameTypelist.csv"	NOTE: this WARNING is also in binning sheet
02/15/2016 06:37:59 PM WARNING: SUITE: "IddqVmax_IqC08Ful_______ED10_007_st_PM1_MEAS" NOT IN "Edison_TestNameTypelist.csv"	NOTE: this WARNING is also in binning sheet
02/15/2016 06:37:59 PM WARNING: SUITE: "IddqVmax_IqC08Ful_______ED10_007_st_end_FUNC" NOT IN "Edison_TestNameTypelist.csv"	NOTE: this WARNING is also in binning sheet
02/15/2016 06:37:59 PM WARNING: SUITE: "IddqVmax_IqC08Ful_______ED10_007_st_CCE" NOT IN "Edison_TestNameTypelist.csv"	NOTE: this WARNING is also in binning sheet
02/15/2016 06:37:59 PM WARNING: SUITE: "IddqVmax_IqC08Ful_______ED10_008_st_PM1_FUNC" NOT IN "Edison_TestNameTypelist.csv"	NOTE: this WARNING is also in binning sheet
02/15/2016 06:37:59 PM WARNING: SUITE: "IddqVmax_IqC08Ful_______ED10_008_st_PM1_MEAS" NOT IN "Edison_TestNameTypelist.csv"	NOTE: this WARNING is also in binning sheet
02/15/2016 06:37:59 PM WARNING: SUITE: "IddqVmax_IqC08Ful_______ED10_008_st_end_FUNC" NOT IN "Edison_TestNameTypelist.csv"	NOTE: this WARNING is also in binning sheet
02/15/2016 06:37:59 PM WARNING: SUITE: "IddqVmax_IqC08Ful_______ED10_008_st_CCE" NOT IN "Edison_TestNameTypelist.csv"	NOTE: this WARNING is also in binning sheet
02/15/2016 06:37:59 PM WARNING: SUITE: "IddqVmax_IqC08Ful_______ED10_009_st_PM1_FUNC" NOT IN "Edison_TestNameTypelist.csv"	NOTE: this WARNING is also in binning sheet
02/15/2016 06:37:59 PM WARNING: SUITE: "IddqVmax_IqC08Ful_______ED10_009_st_PM1_MEAS" NOT IN "Edison_TestNameTypelist.csv"	NOTE: this WARNING is also in binning sheet
02/15/2016 06:37:59 PM WARNING: SUITE: "IddqVmax_IqC08Ful_______ED10_009_st_end_FUNC" NOT IN "Edison_TestNameTypelist.csv"	NOTE: this WARNING is also in binning sheet
02/15/2016 06:37:59 PM WARNING: SUITE: "IddqVmax_IqC08Ful_______ED10_009_st_CCE" NOT IN "Edison_TestNameTypelist.csv"	NOTE: this WARNING is also in binning sheet
02/15/2016 06:37:59 PM WARNING: SUITE: "IddqVmax_IqC08Ful_______ED10_010_st_PM1_FUNC" NOT IN "Edison_TestNameTypelist.csv"	NOTE: this WARNING is also in binning sheet
02/15/2016 06:37:59 PM WARNING: SUITE: "IddqVmax_IqC08Ful_______ED10_010_st_PM1_MEAS" NOT IN "Edison_TestNameTypelist.csv"	NOTE: this WARNING is also in binning sheet
02/15/2016 06:37:59 PM WARNING: SUITE: "IddqVmax_IqC08Ful_______ED10_010_st_end_FUNC" NOT IN "Edison_TestNameTypelist.csv"	NOTE: this WARNING is also in binning sheet
02/15/2016 06:37:59 PM WARNING: SUITE: "IddqVmax_IqC08Ful_______ED10_010_st_CCE" NOT IN "Edison_TestNameTypelist.csv"	NOTE: this WARNING is also in binning sheet
02/15/2016 06:37:59 PM WARNING: SUITE: "IddqVmax_IqC08Ful_______ED10_011_st_PM1_FUNC" NOT IN "Edison_TestNameTypelist.csv"	NOTE: this WARNING is also in binning sheet
02/15/2016 06:37:59 PM WARNING: SUITE: "IddqVmax_IqC08Ful_______ED10_011_st_PM1_MEAS" NOT IN "Edison_TestNameTypelist.csv"	NOTE: this WARNING is also in binning sheet
02/15/2016 06:37:59 PM WARNING: SUITE: "IddqVmax_IqC08Ful_______ED10_011_st_end_FUNC" NOT IN "Edison_TestNameTypelist.csv"	NOTE: this WARNING is also in binning sheet
02/15/2016 06:37:59 PM WARNING: SUITE: "IddqVmax_IqC08Ful_______ED10_011_st_CCE" NOT IN "Edison_TestNameTypelist.csv"	NOTE: this WARNING is also in binning sheet
02/15/2016 06:37:59 PM WARNING: SUITE: "IddqVmax_IqC08Ful_______ED10_012_st_PM1_FUNC" NOT IN "Edison_TestNameTypelist.csv"	NOTE: this WARNING is also in binning sheet
02/15/2016 06:37:59 PM WARNING: SUITE: "IddqVmax_IqC08Ful_______ED10_012_st_PM1_MEAS" NOT IN "Edison_TestNameTypelist.csv"	NOTE: this WARNING is also in binning sheet
02/15/2016 06:37:59 PM WARNING: SUITE: "IddqVmax_IqC08Ful_______ED10_012_st_end_FUNC" NOT IN "Edison_TestNameTypelist.csv"	NOTE: this WARNING is also in binning sheet
02/15/2016 06:37:59 PM WARNING: SUITE: "IddqVmax_IqC08Ful_______ED10_012_st_CCE" NOT IN "Edison_TestNameTypelist.csv"	NOTE: this WARNING is also in binning sheet
02/15/2016 06:37:59 PM WARNING: SUITE: "IddqVmax_IqC08Ful_______ED10_013_st_PM1_FUNC" NOT IN "Edison_TestNameTypelist.csv"	NOTE: this WARNING is also in binning sheet
02/15/2016 06:37:59 PM WARNING: SUITE: "IddqVmax_IqC08Ful_______ED10_013_st_PM1_MEAS" NOT IN "Edison_TestNameTypelist.csv"	NOTE: this WARNING is also in binning sheet
02/15/2016 06:37:59 PM WARNING: SUITE: "IddqVmax_IqC08Ful_______ED10_013_st_end_FUNC" NOT IN "Edison_TestNameTypelist.csv"	NOTE: this WARNING is also in binning sheet
02/15/2016 06:37:59 PM WARNING: SUITE: "IddqVmax_IqC08Ful_______ED10_013_st_CCE" NOT IN "Edison_TestNameTypelist.csv"	NOTE: this WARNING is also in binning sheet
02/15/2016 06:37:59 PM WARNING: SUITE: "IddqVmax_IqC08Ful_______ED10_014_st_PM1_FUNC" NOT IN "Edison_TestNameTypelist.csv"	NOTE: this WARNING is also in binning sheet
02/15/2016 06:37:59 PM WARNING: SUITE: "IddqVmax_IqC08Ful_______ED10_014_st_PM1_MEAS" NOT IN "Edison_TestNameTypelist.csv"	NOTE: this WARNING is also in binning sheet
02/15/2016 06:37:59 PM WARNING: SUITE: "IddqVmax_IqC08Ful_______ED10_014_st_end_FUNC" NOT IN "Edison_TestNameTypelist.csv"	NOTE: this WARNING is also in binning sheet
02/15/2016 06:37:59 PM WARNING: SUITE: "IddqVmax_IqC08Ful_______ED10_014_st_CCE" NOT IN "Edison_TestNameTypelist.csv"	NOTE: this WARNING is also in binning sheet
02/15/2016 06:37:59 PM WARNING: SUITE: "IddqVmax_IqC08Ful_______ED10_015_st_PM1_FUNC" NOT IN "Edison_TestNameTypelist.csv"	NOTE: this WARNING is also in binning sheet
02/15/2016 06:37:59 PM WARNING: SUITE: "IddqVmax_IqC08Ful_______ED10_015_st_PM1_MEAS" NOT IN "Edison_TestNameTypelist.csv"	NOTE: this WARNING is also in binning sheet
02/15/2016 06:37:59 PM WARNING: SUITE: "IddqVmax_IqC08Ful_______ED10_015_st_end_FUNC" NOT IN "Edison_TestNameTypelist.csv"	NOTE: this WARNING is also in binning sheet
02/15/2016 06:37:59 PM WARNING: SUITE: "IddqVmax_IqC08Ful_______ED10_015_st_CCE" NOT IN "Edison_TestNameTypelist.csv"	NOTE: this WARNING is also in binning sheet
02/15/2016 06:37:59 PM WARNING: SUITE: "IddqVmax_IqC08Ful_______ED10_016_st_PM1_FUNC" NOT IN "Edison_TestNameTypelist.csv"	NOTE: this WARNING is also in binning sheet
02/15/2016 06:37:59 PM WARNING: SUITE: "IddqVmax_IqC08Ful_______ED10_016_st_PM1_MEAS" NOT IN "Edison_TestNameTypelist.csv"	NOTE: this WARNING is also in binning sheet
02/15/2016 06:37:59 PM WARNING: SUITE: "IddqVmax_IqC08Ful_______ED10_016_st_end_FUNC" NOT IN "Edison_TestNameTypelist.csv"	NOTE: this WARNING is also in binning sheet
02/15/2016 06:37:59 PM WARNING: SUITE: "IddqVmax_IqC08Ful_______ED10_016_st_CCE" NOT IN "Edison_TestNameTypelist.csv"	NOTE: this WARNING is also in binning sheet
02/15/2016 06:37:59 PM WARNING: SUITE: "IddqVmax_IqC08Ful_______ED10_017_st_PM1_FUNC" NOT IN "Edison_TestNameTypelist.csv"	NOTE: this WARNING is also in binning sheet
02/15/2016 06:37:59 PM WARNING: SUITE: "IddqVmax_IqC08Ful_______ED10_017_st_PM1_MEAS" NOT IN "Edison_TestNameTypelist.csv"	NOTE: this WARNING is also in binning sheet
02/15/2016 06:37:59 PM WARNING: SUITE: "IddqVmax_IqC08Ful_______ED10_017_st_end_FUNC" NOT IN "Edison_TestNameTypelist.csv"	NOTE: this WARNING is also in binning sheet
02/15/2016 06:37:59 PM WARNING: SUITE: "IddqVmax_IqC08Ful_______ED10_017_st_CCE" NOT IN "Edison_TestNameTypelist.csv"	NOTE: this WARNING is also in binning sheet
02/15/2016 06:37:59 PM WARNING: SUITE: "IddqVmax_IqC08Ful_______ED10_018_st_PM1_FUNC" NOT IN "Edison_TestNameTypelist.csv"	NOTE: this WARNING is also in binning sheet
02/15/2016 06:37:59 PM WARNING: SUITE: "IddqVmax_IqC08Ful_______ED10_018_st_PM1_MEAS" NOT IN "Edison_TestNameTypelist.csv"	NOTE: this WARNING is also in binning sheet
02/15/2016 06:37:59 PM WARNING: SUITE: "IddqVmax_IqC08Ful_______ED10_018_st_end_FUNC" NOT IN "Edison_TestNameTypelist.csv"	NOTE: this WARNING is also in binning sheet
02/15/2016 06:37:59 PM WARNING: SUITE: "IddqVmax_IqC08Ful_______ED10_018_st_CCE" NOT IN "Edison_TestNameTypelist.csv"	NOTE: this WARNING is also in binning sheet
02/15/2016 06:37:59 PM WARNING: SUITE: "IddqVmax_IqC08Ful_______ED10_019_st_PM1_FUNC" NOT IN "Edison_TestNameTypelist.csv"	NOTE: this WARNING is also in binning sheet
02/15/2016 06:37:59 PM WARNING: SUITE: "IddqVmax_IqC08Ful_______ED10_019_st_PM1_MEAS" NOT IN "Edison_TestNameTypelist.csv"	NOTE: this WARNING is also in binning sheet
02/15/2016 06:37:59 PM WARNING: SUITE: "IddqVmax_IqC08Ful_______ED10_019_st_end_FUNC" NOT IN "Edison_TestNameTypelist.csv"	NOTE: this WARNING is also in binning sheet
02/15/2016 06:37:59 PM WARNING: SUITE: "IddqVmax_IqC08Ful_______ED10_019_st_CCE" NOT IN "Edison_TestNameTypelist.csv"	NOTE: this WARNING is also in binning sheet
02/15/2016 06:37:59 PM WARNING: SUITE: "DISCONNECT_4_1_1" NOT IN "Edison_TestNameTypelist.csv"	NOTE: this WARNING is also in binning sheet
02/15/2016 06:37:59 PM WARNING: SUITE: "EfuseInitCheck_st" NOT IN "Edison_TestNameTypelist.csv"	NOTE: this WARNING is also in binning sheet
02/15/2016 06:37:59 PM WARNING: SUITE: "FuseChainAddr_st" NOT IN "Edison_TestNameTypelist.csv"	NOTE: this WARNING is also in binning sheet
02/15/2016 06:37:59 PM WARNING: SUITE: "EfuseRunAutoload_st" NOT IN "Edison_TestNameTypelist.csv"	NOTE: this WARNING is also in binning sheet
02/15/2016 06:37:59 PM WARNING: SUITE: "SRc0PowerTest" NOT IN "Edison_TestNameTypelist.csv"	NOTE: this WARNING is also in binning sheet
02/15/2016 06:37:59 PM WARNING: SUITE: "SRc0PowerTest" NOT IN "Edison_TestNameTypelist.csv"	NOTE: this WARNING is also in binning sheet
02/15/2016 06:37:59 PM WARNING: SUITE: "CTCS_START_Thermal" NOT IN "Edison_TestNameTypelist.csv"	NOTE: this WARNING is also in binning sheet
02/15/2016 06:37:59 PM WARNING: SUITE: "CTCS_Offset" NOT IN "Edison_TestNameTypelist.csv"	NOTE: this WARNING is also in binning sheet
02/15/2016 06:37:59 PM WARNING: SUITE: "Thermo_Sensors_Calibration" NOT IN "Edison_TestNameTypelist.csv"	NOTE: this WARNING is also in binning sheet
02/15/2016 06:37:59 PM WARNING: SUITE: "CTCS_Thermal" NOT IN "Edison_TestNameTypelist.csv"	NOTE: this WARNING is also in binning sheet
02/15/2016 06:37:59 PM WARNING: SUITE: "CTCS_SPT_N35" NOT IN "Edison_TestNameTypelist.csv"	NOTE: this WARNING is also in binning sheet
02/15/2016 06:37:59 PM WARNING: SUITE: "CTCS_START_Vmin" NOT IN "Edison_TestNameTypelist.csv"	NOTE: this WARNING is also in binning sheet
02/15/2016 06:37:59 PM WARNING: SUITE: "CHAIN_TRANS_FuncVmin_st" NOT IN "Edison_TestNameTypelist.csv"	NOTE: this WARNING is also in binning sheet
02/15/2016 06:37:59 PM WARNING: SUITE: "CTCS_Vmin" NOT IN "Edison_TestNameTypelist.csv"	NOTE: this WARNING is also in binning sheet
02/15/2016 06:37:59 PM WARNING: SUITE: "DieIDPartialProg_st" NOT IN "Edison_TestNameTypelist.csv"	NOTE: this WARNING is also in binning sheet
02/15/2016 06:37:59 PM WARNING: SUITE: "DISCONNECT_1_1" NOT IN "Edison_TestNameTypelist.csv"	NOTE: this WARNING is also in binning sheet
02/15/2016 06:37:59 PM WARNING: SUITE: "AdaptiveRepair" NOT IN "Edison_TestNameTypelist.csv"	NOTE: this WARNING is also in binning sheet
02/15/2016 06:37:59 PM WARNING: SUITE: "func" NOT IN "Edison_TestNameTypelist.csv"	NOTE: this WARNING is also in binning sheet
02/15/2016 06:37:59 PM WARNING: SUITE: "CTCS_START_AtSpeedVmin" NOT IN "Edison_TestNameTypelist.csv"	NOTE: this WARNING is also in binning sheet
02/15/2016 06:37:59 PM WARNING: SUITE: "SpeedSortVert_LED_1" NOT IN "Edison_TestNameTypelist.csv"	NOTE: this WARNING is also in binning sheet
02/15/2016 06:37:59 PM WARNING: SUITE: "SpeedSortVert_LED" NOT IN "Edison_TestNameTypelist.csv"	NOTE: this WARNING is also in binning sheet
02/15/2016 06:37:59 PM WARNING: SUITE: "SpeedSortVert_Trans_1" NOT IN "Edison_TestNameTypelist.csv"	NOTE: this WARNING is also in binning sheet
02/15/2016 06:37:59 PM WARNING: SUITE: "SpeedSortVert_Trans_1_1" NOT IN "Edison_TestNameTypelist.csv"	NOTE: this WARNING is also in binning sheet
02/15/2016 06:37:59 PM WARNING: SUITE: "SpeedSortVert_Trans_2" NOT IN "Edison_TestNameTypelist.csv"	NOTE: this WARNING is also in binning sheet
02/15/2016 06:37:59 PM WARNING: SUITE: "SpeedSortVert_Trans_2_1" NOT IN "Edison_TestNameTypelist.csv"	NOTE: this WARNING is also in binning sheet
02/15/2016 06:37:59 PM WARNING: SUITE: "SpeedSortVert_PB" NOT IN "Edison_TestNameTypelist.csv"	NOTE: this WARNING is also in binning sheet
02/15/2016 06:37:59 PM WARNING: SUITE: "ApplySRVminGBfromTDMeas" NOT IN "Edison_TestNameTypelist.csv"	NOTE: this WARNING is also in binning sheet
02/15/2016 06:37:59 PM WARNING: SUITE: "SpeedSortVert_LED_1_OD" NOT IN "Edison_TestNameTypelist.csv"	NOTE: this WARNING is also in binning sheet
02/15/2016 06:37:59 PM WARNING: SUITE: "SpeedSortVert_LED_OD" NOT IN "Edison_TestNameTypelist.csv"	NOTE: this WARNING is also in binning sheet
02/15/2016 06:37:59 PM WARNING: SUITE: "SpeedSortVert_LED_DDR_OD" NOT IN "Edison_TestNameTypelist.csv"	NOTE: this WARNING is also in binning sheet
02/15/2016 06:37:59 PM WARNING: SUITE: "SpeedSortVert_Trans_1_OD" NOT IN "Edison_TestNameTypelist.csv"	NOTE: this WARNING is also in binning sheet
02/15/2016 06:37:59 PM WARNING: SUITE: "SpeedSortVert_Trans_1_1_OD" NOT IN "Edison_TestNameTypelist.csv"	NOTE: this WARNING is also in binning sheet
02/15/2016 06:37:59 PM WARNING: SUITE: "SpeedSortVert_Trans_2_OD" NOT IN "Edison_TestNameTypelist.csv"	NOTE: this WARNING is also in binning sheet
02/15/2016 06:37:59 PM WARNING: SUITE: "SpeedSortVert_Trans_2_1_OD" NOT IN "Edison_TestNameTypelist.csv"	NOTE: this WARNING is also in binning sheet
02/15/2016 06:37:59 PM WARNING: SUITE: "SpeedSortVert_PB_OD" NOT IN "Edison_TestNameTypelist.csv"	NOTE: this WARNING is also in binning sheet
02/15/2016 06:37:59 PM WARNING: SUITE: "SetSpeedSortLevel" NOT IN "Edison_TestNameTypelist.csv"	NOTE: this WARNING is also in binning sheet
02/15/2016 06:37:59 PM WARNING: SUITE: "TRANS_P08_1_R_AtSpeedVminOD_st" NOT IN "Edison_TestNameTypelist.csv"	NOTE: this WARNING is also in binning sheet
02/15/2016 06:37:59 PM WARNING: SUITE: "TRANS_P08_1_Q_AtSpeedVminOD_st" NOT IN "Edison_TestNameTypelist.csv"	NOTE: this WARNING is also in binning sheet
02/15/2016 06:37:59 PM WARNING: SUITE: "TRANS_P08_2_Q_AtSpeedVminOD_st" NOT IN "Edison_TestNameTypelist.csv"	NOTE: this WARNING is also in binning sheet
02/15/2016 06:37:59 PM WARNING: SUITE: "CTCS_AtSpeedVmin" NOT IN "Edison_TestNameTypelist.csv"	NOTE: this WARNING is also in binning sheet
02/15/2016 06:37:59 PM WARNING: SUITE: "CTCS_START_Vskew" NOT IN "Edison_TestNameTypelist.csv"	NOTE: this WARNING is also in binning sheet
02/15/2016 06:37:59 PM WARNING: SUITE: "CTCS_Vskew" NOT IN "Edison_TestNameTypelist.csv"	NOTE: this WARNING is also in binning sheet
02/15/2016 06:37:59 PM WARNING: SUITE: "CTCS_START_Vmax" NOT IN "Edison_TestNameTypelist.csv"	NOTE: this WARNING is also in binning sheet
02/15/2016 06:37:59 PM WARNING: SUITE: "CHAIN_TRANS_FuncVmax_st" NOT IN "Edison_TestNameTypelist.csv"	NOTE: this WARNING is also in binning sheet
02/15/2016 06:37:59 PM WARNING: SUITE: "CHAIN_TRANS_FuncVmaxOD_st" NOT IN "Edison_TestNameTypelist.csv"	NOTE: this WARNING is also in binning sheet
02/15/2016 06:37:59 PM WARNING: SUITE: "CTCS_SPT_N40" NOT IN "Edison_TestNameTypelist.csv"	NOTE: this WARNING is also in binning sheet
02/15/2016 06:37:59 PM WARNING: SUITE: "TRANS_P08_1_R_AtSpeedVmaxOD_st" NOT IN "Edison_TestNameTypelist.csv"	NOTE: this WARNING is also in binning sheet
02/15/2016 06:37:59 PM WARNING: SUITE: "TRANS_P08_1_Q_AtSpeedVmaxOD_st" NOT IN "Edison_TestNameTypelist.csv"	NOTE: this WARNING is also in binning sheet
02/15/2016 06:37:59 PM WARNING: SUITE: "TRANS_P08_2_Q_AtSpeedVmaxOD_st" NOT IN "Edison_TestNameTypelist.csv"	NOTE: this WARNING is also in binning sheet
02/15/2016 06:37:59 PM WARNING: SUITE: "CTCS_Vmax" NOT IN "Edison_TestNameTypelist.csv"	NOTE: this WARNING is also in binning sheet
02/15/2016 06:37:59 PM WARNING: SUITE: "ProgramVIDSpeeds" NOT IN "Edison_TestNameTypelist.csv"	NOTE: this WARNING is also in binning sheet
02/15/2016 06:37:59 PM WARNING: SUITE: "WarmUp" NOT IN "Edison_TestNameTypelist.csv"	NOTE: this WARNING is also in binning sheet
02/15/2016 06:37:59 PM WARNING: SUITE: "DISCONNECT_3_1" NOT IN "Edison_TestNameTypelist.csv"	NOTE: this WARNING is also in binning sheet
02/15/2016 06:37:59 PM WARNING: SUITE: "BBT_Status" NOT IN "Edison_TestNameTypelist.csv"	NOTE: this WARNING is also in binning sheet
02/15/2016 06:37:59 PM WARNING: SUITE: "DISCONNECT_3" NOT IN "Edison_TestNameTypelist.csv"	NOTE: this WARNING is also in binning sheet
02/15/2016 06:37:59 PM WARNING: SUITE: "DISCONNECT_Cres" NOT IN "Edison_TestNameTypelist.csv"	NOTE: this WARNING is also in binning sheet
02/15/2016 06:37:59 PM WARNING: SUITE: "Final_Binning" NOT IN "Edison_TestNameTypelist.csv"	NOTE: this WARNING is also in binning sheet
02/15/2016 06:37:59 PM INFO: ARGUMENTS:
	--name=edison
	--binning_csv=BinningEdison.csv
	--testflow_file=/db/edison_pe/v93k/prod_pgms/EDISON93K02/EDISON93K02/testflow/Final_RPC_flow.mfh
	--testprog_file=/db/edison_pe/v93k/prod_pgms/EDISON93K02/EDISON93K02/testprog/EDISON93K02.tpg
	--ignore_suites_file=None
	--maxlogs=1
	--test_type_to_check=FT_RPC_HT
	--renumber=False
	--split=False
	--pic_type=png
	--debug=False
	--testtable_file=/db/edison_pe/v93k/prod_pgms/EDISON93K02/EDISON93K02/testtable/Final_RPC_limits.csv.mfh
	--categories=True
	--output_dir=/db/kepler_pe/93k/working/py93kParsers/py93kParsers/example_runs/edison
02/15/2016 06:37:59 PM INFO: Number of WARNINGS for "a93k_extract.py": 362
02/15/2016 06:37:59 PM INFO: Number of ERRORS for "a93k_extract.py": 0
